{"D:\\Measurement\\backend\\src\\app.controller.ts": {"path":"D:\\Measurement\\backend\\src\\app.controller.ts","statementMap":{"0":{"start":{"line":1,"column":0},"end":{"line":1,"column":54}},"1":{"start":{"line":3,"column":0},"end":{"line":3,"column":43}},"2":{"start":{"line":6,"column":7},"end":{"line":13,"column":null}},"3":{"start":{"line":7,"column":31},"end":{"line":7,"column":43}},"4":{"start":{"line":11,"column":4},"end":{"line":11,"column":62}},"5":{"start":{"line":6,"column":13},"end":{"line":6,"column":26}},"6":{"start":{"line":10,"column":2},"end":{"line":12,"column":null}},"7":{"start":{"line":6,"column":13},"end":{"line":13,"column":null}}},"fnMap":{"0":{"name":"(anonymous_4)","decl":{"start":{"line":7,"column":2},"end":{"line":7,"column":31}},"loc":{"start":{"line":7,"column":53},"end":{"line":7,"column":57}}},"1":{"name":"(anonymous_5)","decl":{"start":{"line":10,"column":2},"end":{"line":10,"column":10}},"loc":{"start":{"line":10,"column":36},"end":{"line":12,"column":3}}}},"branchMap":{"0":{"loc":{"start":{"line":7,"column":43},"end":{"line":7,"column":56}},"type":"cond-expr","locations":[{"start":{"line":7,"column":53},"end":{"line":7,"column":56}},{"start":{"line":7,"column":53},"end":{"line":7,"column":56}}]},"1":{"loc":{"start":{"line":7,"column":43},"end":{"line":7,"column":53}},"type":"binary-expr","locations":[{"start":{"line":7,"column":43},"end":{"line":7,"column":56}},{"start":{"line":7,"column":43},"end":{"line":7,"column":53}}]}},"s":{"0":1,"1":1,"2":1,"3":1,"4":1,"5":1,"6":1,"7":1},"f":{"0":1,"1":1},"b":{"0":[1,0],"1":[1,1]}}
,"D:\\Measurement\\backend\\src\\app.module.ts": {"path":"D:\\Measurement\\backend\\src\\app.module.ts","statementMap":{"0":{"start":{"line":1,"column":0},"end":{"line":1,"column":40}},"1":{"start":{"line":2,"column":0},"end":{"line":2,"column":46}},"2":{"start":{"line":3,"column":0},"end":{"line":3,"column":49}},"3":{"start":{"line":4,"column":0},"end":{"line":4,"column":43}},"4":{"start":{"line":5,"column":0},"end":{"line":5,"column":60}},"5":{"start":{"line":6,"column":0},"end":{"line":6,"column":71}},"6":{"start":{"line":7,"column":0},"end":{"line":7,"column":54}},"7":{"start":{"line":8,"column":0},"end":{"line":8,"column":63}},"8":{"start":{"line":9,"column":0},"end":{"line":9,"column":54}},"9":{"start":{"line":10,"column":0},"end":{"line":10,"column":57}},"10":{"start":{"line":28,"column":7},"end":{"line":28,"column":null}},"11":{"start":{"line":28,"column":13},"end":{"line":28,"column":22}},"12":{"start":{"line":28,"column":13},"end":{"line":28,"column":null}}},"fnMap":{},"branchMap":{},"s":{"0":0,"1":0,"2":0,"3":0,"4":0,"5":0,"6":0,"7":0,"8":0,"9":0,"10":0,"11":0,"12":0},"f":{},"b":{}}
,"D:\\Measurement\\backend\\src\\app.service.ts": {"path":"D:\\Measurement\\backend\\src\\app.service.ts","statementMap":{"0":{"start":{"line":1,"column":0},"end":{"line":1,"column":44}},"1":{"start":{"line":2,"column":0},"end":{"line":2,"column":33}},"2":{"start":{"line":5,"column":7},"end":{"line":9,"column":null}},"3":{"start":{"line":7,"column":4},"end":{"line":7,"column":57}},"4":{"start":{"line":5,"column":13},"end":{"line":5,"column":23}},"5":{"start":{"line":5,"column":13},"end":{"line":9,"column":null}}},"fnMap":{"0":{"name":"(anonymous_1)","decl":{"start":{"line":6,"column":2},"end":{"line":6,"column":22}},"loc":{"start":{"line":6,"column":22},"end":{"line":8,"column":3}}}},"branchMap":{},"s":{"0":1,"1":1,"2":1,"3":1,"4":1,"5":1},"f":{"0":1},"b":{}}
,"D:\\Measurement\\backend\\src\\main.ts": {"path":"D:\\Measurement\\backend\\src\\main.ts","statementMap":{"0":{"start":{"line":1,"column":0},"end":{"line":1,"column":23}},"1":{"start":{"line":2,"column":0},"end":{"line":2,"column":47}},"2":{"start":{"line":3,"column":0},"end":{"line":3,"column":43}},"3":{"start":{"line":5,"column":0},"end":{"line":5,"column":33}},"4":{"start":{"line":6,"column":0},"end":{"line":6,"column":41}},"5":{"start":{"line":9,"column":14},"end":{"line":9,"column":73}},"6":{"start":{"line":10,"column":2},"end":{"line":10,"column":55}},"7":{"start":{"line":11,"column":2},"end":{"line":13,"column":5}},"8":{"start":{"line":14,"column":2},"end":{"line":14,"column":25}},"9":{"start":{"line":15,"column":2},"end":{"line":15,"column":66}},"10":{"start":{"line":17,"column":0},"end":{"line":17,"column":17}}},"fnMap":{"0":{"name":"bootstrap","decl":{"start":{"line":8,"column":15},"end":{"line":8,"column":24}},"loc":{"start":{"line":8,"column":24},"end":{"line":16,"column":1}}}},"branchMap":{},"s":{"0":0,"1":0,"2":0,"3":0,"4":0,"5":0,"6":0,"7":0,"8":0,"9":0,"10":0},"f":{"0":0},"b":{}}
,"D:\\Measurement\\backend\\src\\analysis\\analysis.controller.ts": {"path":"D:\\Measurement\\backend\\src\\analysis\\analysis.controller.ts","statementMap":{"0":{"start":{"line":1,"column":0},"end":{"line":1,"column":null}},"1":{"start":{"line":9,"column":0},"end":{"line":9,"column":53}},"2":{"start":{"line":10,"column":0},"end":{"line":10,"column":44}},"3":{"start":{"line":11,"column":0},"end":{"line":11,"column":59}},"4":{"start":{"line":14,"column":7},"end":{"line":59,"column":null}},"5":{"start":{"line":15,"column":31},"end":{"line":15,"column":48}},"6":{"start":{"line":19,"column":4},"end":{"line":19,"column":69}},"7":{"start":{"line":33,"column":4},"end":{"line":35,"column":5}},"8":{"start":{"line":34,"column":6},"end":{"line":34,"column":84}},"9":{"start":{"line":37,"column":4},"end":{"line":37,"column":58}},"10":{"start":{"line":42,"column":4},"end":{"line":42,"column":68}},"11":{"start":{"line":47,"column":4},"end":{"line":47,"column":67}},"12":{"start":{"line":52,"column":4},"end":{"line":52,"column":62}},"13":{"start":{"line":57,"column":4},"end":{"line":57,"column":63}},"14":{"start":{"line":14,"column":13},"end":{"line":14,"column":31}},"15":{"start":{"line":18,"column":2},"end":{"line":20,"column":null}},"16":{"start":{"line":24,"column":2},"end":{"line":38,"column":null}},"17":{"start":{"line":41,"column":2},"end":{"line":43,"column":null}},"18":{"start":{"line":46,"column":2},"end":{"line":48,"column":null}},"19":{"start":{"line":51,"column":2},"end":{"line":53,"column":null}},"20":{"start":{"line":56,"column":2},"end":{"line":58,"column":null}},"21":{"start":{"line":14,"column":13},"end":{"line":59,"column":null}}},"fnMap":{"0":{"name":"(anonymous_4)","decl":{"start":{"line":15,"column":2},"end":{"line":15,"column":31}},"loc":{"start":{"line":15,"column":63},"end":{"line":15,"column":67}}},"1":{"name":"(anonymous_5)","decl":{"start":{"line":18,"column":2},"end":{"line":18,"column":9}},"loc":{"start":{"line":18,"column":49},"end":{"line":20,"column":3}}},"2":{"name":"(anonymous_6)","decl":{"start":{"line":24,"column":2},"end":{"line":24,"column":21}},"loc":{"start":{"line":31,"column":5},"end":{"line":38,"column":3}}},"3":{"name":"(anonymous_7)","decl":{"start":{"line":41,"column":2},"end":{"line":41,"column":24}},"loc":{"start":{"line":41,"column":67},"end":{"line":43,"column":3}}},"4":{"name":"(anonymous_8)","decl":{"start":{"line":46,"column":2},"end":{"line":46,"column":23}},"loc":{"start":{"line":46,"column":66},"end":{"line":48,"column":3}}},"5":{"name":"(anonymous_9)","decl":{"start":{"line":51,"column":2},"end":{"line":51,"column":18}},"loc":{"start":{"line":51,"column":61},"end":{"line":53,"column":3}}},"6":{"name":"(anonymous_10)","decl":{"start":{"line":56,"column":2},"end":{"line":56,"column":19}},"loc":{"start":{"line":56,"column":62},"end":{"line":58,"column":3}}}},"branchMap":{"0":{"loc":{"start":{"line":33,"column":4},"end":{"line":35,"column":5}},"type":"if","locations":[{"start":{"line":33,"column":4},"end":{"line":35,"column":5}},{"start":{},"end":{}}]},"1":{"loc":{"start":{"line":15,"column":48},"end":{"line":15,"column":66}},"type":"cond-expr","locations":[{"start":{"line":15,"column":63},"end":{"line":15,"column":66}},{"start":{"line":15,"column":63},"end":{"line":15,"column":66}}]},"2":{"loc":{"start":{"line":15,"column":48},"end":{"line":15,"column":63}},"type":"binary-expr","locations":[{"start":{"line":15,"column":48},"end":{"line":15,"column":66}},{"start":{"line":15,"column":48},"end":{"line":15,"column":63}}]}},"s":{"0":0,"1":0,"2":0,"3":0,"4":0,"5":0,"6":0,"7":0,"8":0,"9":0,"10":0,"11":0,"12":0,"13":0,"14":0,"15":0,"16":0,"17":0,"18":0,"19":0,"20":0,"21":0},"f":{"0":0,"1":0,"2":0,"3":0,"4":0,"5":0,"6":0},"b":{"0":[0,0],"1":[0,0],"2":[0,0]}}
,"D:\\Measurement\\backend\\src\\analysis\\analysis.module.ts": {"path":"D:\\Measurement\\backend\\src\\analysis\\analysis.module.ts","statementMap":{"0":{"start":{"line":1,"column":0},"end":{"line":1,"column":40}},"1":{"start":{"line":2,"column":0},"end":{"line":2,"column":55}},"2":{"start":{"line":3,"column":0},"end":{"line":3,"column":59}},"3":{"start":{"line":4,"column":0},"end":{"line":4,"column":53}},"4":{"start":{"line":12,"column":7},"end":{"line":12,"column":null}},"5":{"start":{"line":12,"column":13},"end":{"line":12,"column":27}},"6":{"start":{"line":12,"column":13},"end":{"line":12,"column":null}}},"fnMap":{},"branchMap":{},"s":{"0":0,"1":0,"2":0,"3":0,"4":0,"5":0,"6":0},"f":{},"b":{}}
,"D:\\Measurement\\backend\\src\\analysis\\analysis.service.ts": {"path":"D:\\Measurement\\backend\\src\\analysis\\analysis.service.ts","statementMap":{"0":{"start":{"line":1,"column":0},"end":{"line":1,"column":44}},"1":{"start":{"line":2,"column":0},"end":{"line":2,"column":57}},"2":{"start":{"line":3,"column":0},"end":{"line":3,"column":57}},"3":{"start":{"line":26,"column":7},"end":{"line":484,"column":null}},"4":{"start":{"line":28,"column":21},"end":{"line":28,"column":29}},"5":{"start":{"line":29,"column":21},"end":{"line":29,"column":36}},"6":{"start":{"line":33,"column":22},"end":{"line":33,"column":66}},"7":{"start":{"line":34,"column":21},"end":{"line":34,"column":23}},"8":{"start":{"line":36,"column":4},"end":{"line":55,"column":5}},"9":{"start":{"line":37,"column":23},"end":{"line":37,"column":53}},"10":{"start":{"line":38,"column":20},"end":{"line":46,"column":8}},"11":{"start":{"line":48,"column":6},"end":{"line":54,"column":9}},"12":{"start":{"line":57,"column":4},"end":{"line":60,"column":6}},"13":{"start":{"line":61,"column":4},"end":{"line":65,"column":6}},"14":{"start":{"line":69,"column":22},"end":{"line":69,"column":66}},"15":{"start":{"line":70,"column":4},"end":{"line":84,"column":10}},"16":{"start":{"line":73,"column":10},"end":{"line":75,"column":69}},"17":{"start":{"line":77,"column":26},"end":{"line":84,"column":8}},"18":{"start":{"line":88,"column":22},"end":{"line":88,"column":66}},"19":{"start":{"line":89,"column":4},"end":{"line":97,"column":77}},"20":{"start":{"line":90,"column":26},"end":{"line":96,"column":8}},"21":{"start":{"line":97,"column":29},"end":{"line":97,"column":75}},"22":{"start":{"line":101,"column":22},"end":{"line":101,"column":66}},"23":{"start":{"line":102,"column":4},"end":{"line":107,"column":8}},"24":{"start":{"line":102,"column":40},"end":{"line":107,"column":6}},"25":{"start":{"line":111,"column":22},"end":{"line":111,"column":66}},"26":{"start":{"line":112,"column":4},"end":{"line":119,"column":63}},"27":{"start":{"line":113,"column":26},"end":{"line":118,"column":8}},"28":{"start":{"line":119,"column":29},"end":{"line":119,"column":61}},"29":{"start":{"line":123,"column":20},"end":{"line":123,"column":48}},"30":{"start":{"line":124,"column":27},"end":{"line":124,"column":41}},"31":{"start":{"line":126,"column":4},"end":{"line":141,"column":5}},"32":{"start":{"line":127,"column":6},"end":{"line":140,"column":8}},"33":{"start":{"line":143,"column":23},"end":{"line":143,"column":51}},"34":{"start":{"line":144,"column":18},"end":{"line":147,"column":40}},"35":{"start":{"line":146,"column":21},"end":{"line":146,"column":32}},"36":{"start":{"line":147,"column":24},"end":{"line":147,"column":39}},"37":{"start":{"line":148,"column":18},"end":{"line":148,"column":61}},"38":{"start":{"line":150,"column":20},"end":{"line":150,"column":22}},"39":{"start":{"line":151,"column":38},"end":{"line":151,"column":40}},"40":{"start":{"line":152,"column":29},"end":{"line":152,"column":31}},"41":{"start":{"line":153,"column":37},"end":{"line":153,"column":39}},"42":{"start":{"line":155,"column":25},"end":{"line":227,"column":6}},"43":{"start":{"line":229,"column":4},"end":{"line":238,"column":5}},"44":{"start":{"line":230,"column":6},"end":{"line":232,"column":7}},"45":{"start":{"line":231,"column":8},"end":{"line":231,"column":17}},"46":{"start":{"line":234,"column":6},"end":{"line":234,"column":36}},"47":{"start":{"line":235,"column":6},"end":{"line":235,"column":41}},"48":{"start":{"line":236,"column":6},"end":{"line":236,"column":32}},"49":{"start":{"line":237,"column":6},"end":{"line":237,"column":45}},"50":{"start":{"line":240,"column":4},"end":{"line":246,"column":5}},"51":{"start":{"line":241,"column":6},"end":{"line":241,"column":21}},"52":{"start":{"line":242,"column":6},"end":{"line":242,"column":84}},"53":{"start":{"line":243,"column":6},"end":{"line":245,"column":8}},"54":{"start":{"line":248,"column":4},"end":{"line":254,"column":5}},"55":{"start":{"line":249,"column":6},"end":{"line":249,"column":21}},"56":{"start":{"line":250,"column":6},"end":{"line":250,"column":87}},"57":{"start":{"line":251,"column":6},"end":{"line":253,"column":8}},"58":{"start":{"line":256,"column":4},"end":{"line":263,"column":5}},"59":{"start":{"line":257,"column":6},"end":{"line":259,"column":8}},"60":{"start":{"line":260,"column":6},"end":{"line":262,"column":8}},"61":{"start":{"line":265,"column":29},"end":{"line":265,"column":53}},"62":{"start":{"line":267,"column":6},"end":{"line":267,"column":81}},"63":{"start":{"line":269,"column":20},"end":{"line":273,"column":null}},"64":{"start":{"line":276,"column":4},"end":{"line":279,"column":6}},"65":{"start":{"line":281,"column":4},"end":{"line":292,"column":6}},"66":{"start":{"line":296,"column":19},"end":{"line":296,"column":49}},"67":{"start":{"line":297,"column":4},"end":{"line":301,"column":6}},"68":{"start":{"line":307,"column":20},"end":{"line":358,"column":6}},"69":{"start":{"line":360,"column":4},"end":{"line":391,"column":7}},"70":{"start":{"line":361,"column":28},"end":{"line":363,"column":40}},"71":{"start":{"line":362,"column":27},"end":{"line":362,"column":51}},"72":{"start":{"line":363,"column":26},"end":{"line":363,"column":39}},"73":{"start":{"line":364,"column":21},"end":{"line":366,"column":14}},"74":{"start":{"line":365,"column":20},"end":{"line":365,"column":72}},"75":{"start":{"line":367,"column":29},"end":{"line":367,"column":52}},"76":{"start":{"line":369,"column":6},"end":{"line":390,"column":8}},"77":{"start":{"line":375,"column":27},"end":{"line":375,"column":72}},"78":{"start":{"line":385,"column":19},"end":{"line":385,"column":56}},"79":{"start":{"line":388,"column":19},"end":{"line":388,"column":62}},"80":{"start":{"line":395,"column":20},"end":{"line":395,"column":22}},"81":{"start":{"line":397,"column":4},"end":{"line":399,"column":5}},"82":{"start":{"line":398,"column":6},"end":{"line":398,"column":22}},"83":{"start":{"line":400,"column":4},"end":{"line":405,"column":5}},"84":{"start":{"line":404,"column":6},"end":{"line":404,"column":22}},"85":{"start":{"line":406,"column":4},"end":{"line":408,"column":5}},"86":{"start":{"line":407,"column":6},"end":{"line":407,"column":22}},"87":{"start":{"line":409,"column":4},"end":{"line":411,"column":5}},"88":{"start":{"line":410,"column":6},"end":{"line":410,"column":22}},"89":{"start":{"line":412,"column":4},"end":{"line":412,"column":53}},"90":{"start":{"line":413,"column":4},"end":{"line":413,"column":60}},"91":{"start":{"line":414,"column":4},"end":{"line":414,"column":41}},"92":{"start":{"line":417,"column":6},"end":{"line":417,"column":67}},"93":{"start":{"line":419,"column":6},"end":{"line":422,"column":62}},"94":{"start":{"line":424,"column":41},"end":{"line":424,"column":43}},"95":{"start":{"line":425,"column":4},"end":{"line":429,"column":5}},"96":{"start":{"line":426,"column":6},"end":{"line":428,"column":8}},"97":{"start":{"line":430,"column":4},"end":{"line":434,"column":5}},"98":{"start":{"line":431,"column":6},"end":{"line":433,"column":8}},"99":{"start":{"line":435,"column":4},"end":{"line":439,"column":5}},"100":{"start":{"line":436,"column":6},"end":{"line":438,"column":8}},"101":{"start":{"line":440,"column":4},"end":{"line":444,"column":5}},"102":{"start":{"line":441,"column":6},"end":{"line":443,"column":8}},"103":{"start":{"line":445,"column":4},"end":{"line":449,"column":5}},"104":{"start":{"line":446,"column":6},"end":{"line":448,"column":8}},"105":{"start":{"line":450,"column":4},"end":{"line":454,"column":5}},"106":{"start":{"line":451,"column":6},"end":{"line":453,"column":8}},"107":{"start":{"line":456,"column":4},"end":{"line":461,"column":6}},"108":{"start":{"line":465,"column":4},"end":{"line":465,"column":45}},"109":{"start":{"line":474,"column":4},"end":{"line":476,"column":5}},"110":{"start":{"line":475,"column":6},"end":{"line":475,"column":206}},"111":{"start":{"line":478,"column":4},"end":{"line":478,"column":233}},"112":{"start":{"line":482,"column":4},"end":{"line":482,"column":36}},"113":{"start":{"line":26,"column":13},"end":{"line":26,"column":28}},"114":{"start":{"line":26,"column":13},"end":{"line":484,"column":null}}},"fnMap":{"0":{"name":"(anonymous_2)","decl":{"start":{"line":27,"column":2},"end":{"line":27,"column":null}},"loc":{"start":{"line":29,"column":49},"end":{"line":30,"column":6}}},"1":{"name":"(anonymous_3)","decl":{"start":{"line":32,"column":2},"end":{"line":32,"column":7}},"loc":{"start":{"line":32,"column":46},"end":{"line":66,"column":3}}},"2":{"name":"(anonymous_4)","decl":{"start":{"line":68,"column":2},"end":{"line":68,"column":7}},"loc":{"start":{"line":68,"column":51},"end":{"line":85,"column":3}}},"3":{"name":"(anonymous_5)","decl":{"start":{"line":72,"column":8},"end":{"line":72,"column":9}},"loc":{"start":{"line":73,"column":10},"end":{"line":75,"column":69}}},"4":{"name":"(anonymous_6)","decl":{"start":{"line":77,"column":11},"end":{"line":77,"column":12}},"loc":{"start":{"line":77,"column":26},"end":{"line":84,"column":8}}},"5":{"name":"(anonymous_7)","decl":{"start":{"line":87,"column":2},"end":{"line":87,"column":7}},"loc":{"start":{"line":87,"column":50},"end":{"line":98,"column":3}}},"6":{"name":"(anonymous_8)","decl":{"start":{"line":90,"column":11},"end":{"line":90,"column":12}},"loc":{"start":{"line":90,"column":26},"end":{"line":96,"column":8}}},"7":{"name":"(anonymous_9)","decl":{"start":{"line":97,"column":12},"end":{"line":97,"column":13}},"loc":{"start":{"line":97,"column":29},"end":{"line":97,"column":75}}},"8":{"name":"(anonymous_10)","decl":{"start":{"line":100,"column":2},"end":{"line":100,"column":7}},"loc":{"start":{"line":100,"column":45},"end":{"line":108,"column":3}}},"9":{"name":"(anonymous_11)","decl":{"start":{"line":102,"column":25},"end":{"line":102,"column":26}},"loc":{"start":{"line":102,"column":40},"end":{"line":107,"column":6}}},"10":{"name":"(anonymous_12)","decl":{"start":{"line":110,"column":2},"end":{"line":110,"column":7}},"loc":{"start":{"line":110,"column":46},"end":{"line":120,"column":3}}},"11":{"name":"(anonymous_13)","decl":{"start":{"line":113,"column":11},"end":{"line":113,"column":12}},"loc":{"start":{"line":113,"column":26},"end":{"line":118,"column":8}}},"12":{"name":"(anonymous_14)","decl":{"start":{"line":119,"column":12},"end":{"line":119,"column":13}},"loc":{"start":{"line":119,"column":29},"end":{"line":119,"column":61}}},"13":{"name":"(anonymous_15)","decl":{"start":{"line":122,"column":2},"end":{"line":122,"column":7}},"loc":{"start":{"line":122,"column":54},"end":{"line":293,"column":3}}},"14":{"name":"(anonymous_16)","decl":{"start":{"line":146,"column":11},"end":{"line":146,"column":12}},"loc":{"start":{"line":146,"column":21},"end":{"line":146,"column":32}}},"15":{"name":"(anonymous_17)","decl":{"start":{"line":147,"column":14},"end":{"line":147,"column":15}},"loc":{"start":{"line":147,"column":24},"end":{"line":147,"column":39}}},"16":{"name":"(anonymous_18)","decl":{"start":{"line":295,"column":2},"end":{"line":295,"column":19}},"loc":{"start":{"line":295,"column":44},"end":{"line":302,"column":3}}},"17":{"name":"(anonymous_19)","decl":{"start":{"line":304,"column":10},"end":{"line":304,"column":15}},"loc":{"start":{"line":305,"column":24},"end":{"line":392,"column":3}}},"18":{"name":"(anonymous_20)","decl":{"start":{"line":360,"column":23},"end":{"line":360,"column":24}},"loc":{"start":{"line":360,"column":34},"end":{"line":391,"column":5}}},"19":{"name":"(anonymous_21)","decl":{"start":{"line":362,"column":13},"end":{"line":362,"column":14}},"loc":{"start":{"line":362,"column":27},"end":{"line":362,"column":51}}},"20":{"name":"(anonymous_22)","decl":{"start":{"line":363,"column":16},"end":{"line":363,"column":17}},"loc":{"start":{"line":363,"column":26},"end":{"line":363,"column":39}}},"21":{"name":"(anonymous_23)","decl":{"start":{"line":365,"column":8},"end":{"line":365,"column":9}},"loc":{"start":{"line":365,"column":20},"end":{"line":365,"column":72}}},"22":{"name":"(anonymous_24)","decl":{"start":{"line":375,"column":10},"end":{"line":375,"column":11}},"loc":{"start":{"line":375,"column":27},"end":{"line":375,"column":72}}},"23":{"name":"(anonymous_25)","decl":{"start":{"line":385,"column":10},"end":{"line":385,"column":11}},"loc":{"start":{"line":385,"column":19},"end":{"line":385,"column":56}}},"24":{"name":"(anonymous_26)","decl":{"start":{"line":388,"column":10},"end":{"line":388,"column":11}},"loc":{"start":{"line":388,"column":19},"end":{"line":388,"column":62}}},"25":{"name":"(anonymous_27)","decl":{"start":{"line":394,"column":10},"end":{"line":394,"column":25}},"loc":{"start":{"line":394,"column":50},"end":{"line":462,"column":3}}},"26":{"name":"(anonymous_28)","decl":{"start":{"line":464,"column":10},"end":{"line":464,"column":19}},"loc":{"start":{"line":464,"column":41},"end":{"line":466,"column":3}}},"27":{"name":"(anonymous_29)","decl":{"start":{"line":468,"column":10},"end":{"line":468,"column":34}},"loc":{"start":{"line":472,"column":21},"end":{"line":479,"column":3}}},"28":{"name":"(anonymous_30)","decl":{"start":{"line":481,"column":10},"end":{"line":481,"column":15}},"loc":{"start":{"line":481,"column":29},"end":{"line":483,"column":3}}}},"branchMap":{"0":{"loc":{"start":{"line":59,"column":35},"end":{"line":59,"column":64}},"type":"binary-expr","locations":[{"start":{"line":59,"column":35},"end":{"line":59,"column":46}},{"start":{"line":59,"column":50},"end":{"line":59,"column":64}}]},"1":{"loc":{"start":{"line":73,"column":10},"end":{"line":75,"column":69}},"type":"binary-expr","locations":[{"start":{"line":73,"column":10},"end":{"line":73,"column":36}},{"start":{"line":74,"column":11},"end":{"line":74,"column":41}},{"start":{"line":75,"column":12},"end":{"line":75,"column":68}}]},"2":{"loc":{"start":{"line":126,"column":4},"end":{"line":141,"column":5}},"type":"if","locations":[{"start":{"line":126,"column":4},"end":{"line":141,"column":5}},{"start":{},"end":{}}]},"3":{"loc":{"start":{"line":159,"column":10},"end":{"line":162,"column":38}},"type":"binary-expr","locations":[{"start":{"line":159,"column":10},"end":{"line":159,"column":38}},{"start":{"line":160,"column":10},"end":{"line":160,"column":37}},{"start":{"line":161,"column":10},"end":{"line":161,"column":41}},{"start":{"line":162,"column":10},"end":{"line":162,"column":38}}]},"4":{"loc":{"start":{"line":171,"column":10},"end":{"line":174,"column":39}},"type":"binary-expr","locations":[{"start":{"line":171,"column":10},"end":{"line":171,"column":40}},{"start":{"line":172,"column":10},"end":{"line":172,"column":40}},{"start":{"line":173,"column":10},"end":{"line":173,"column":41}},{"start":{"line":174,"column":10},"end":{"line":174,"column":39}}]},"5":{"loc":{"start":{"line":183,"column":10},"end":{"line":185,"column":39}},"type":"binary-expr","locations":[{"start":{"line":183,"column":10},"end":{"line":183,"column":39}},{"start":{"line":184,"column":10},"end":{"line":184,"column":43}},{"start":{"line":185,"column":10},"end":{"line":185,"column":39}}]},"6":{"loc":{"start":{"line":194,"column":10},"end":{"line":197,"column":41}},"type":"binary-expr","locations":[{"start":{"line":194,"column":10},"end":{"line":194,"column":36}},{"start":{"line":195,"column":10},"end":{"line":195,"column":41}},{"start":{"line":196,"column":10},"end":{"line":196,"column":40}},{"start":{"line":197,"column":10},"end":{"line":197,"column":41}}]},"7":{"loc":{"start":{"line":206,"column":10},"end":{"line":209,"column":40}},"type":"binary-expr","locations":[{"start":{"line":206,"column":10},"end":{"line":206,"column":38}},{"start":{"line":207,"column":10},"end":{"line":207,"column":42}},{"start":{"line":208,"column":10},"end":{"line":208,"column":37}},{"start":{"line":209,"column":10},"end":{"line":209,"column":40}}]},"8":{"loc":{"start":{"line":218,"column":10},"end":{"line":221,"column":43}},"type":"binary-expr","locations":[{"start":{"line":218,"column":10},"end":{"line":218,"column":41}},{"start":{"line":219,"column":10},"end":{"line":219,"column":41}},{"start":{"line":220,"column":10},"end":{"line":220,"column":39}},{"start":{"line":221,"column":10},"end":{"line":221,"column":43}}]},"9":{"loc":{"start":{"line":230,"column":6},"end":{"line":232,"column":7}},"type":"if","locations":[{"start":{"line":230,"column":6},"end":{"line":232,"column":7}},{"start":{},"end":{}}]},"10":{"loc":{"start":{"line":240,"column":4},"end":{"line":246,"column":5}},"type":"if","locations":[{"start":{"line":240,"column":4},"end":{"line":246,"column":5}},{"start":{},"end":{}}]},"11":{"loc":{"start":{"line":248,"column":4},"end":{"line":254,"column":5}},"type":"if","locations":[{"start":{"line":248,"column":4},"end":{"line":254,"column":5}},{"start":{},"end":{}}]},"12":{"loc":{"start":{"line":256,"column":4},"end":{"line":263,"column":5}},"type":"if","locations":[{"start":{"line":256,"column":4},"end":{"line":263,"column":5}},{"start":{},"end":{}}]},"13":{"loc":{"start":{"line":267,"column":6},"end":{"line":267,"column":81}},"type":"cond-expr","locations":[{"start":{"line":267,"column":31},"end":{"line":267,"column":37}},{"start":{"line":267,"column":40},"end":{"line":267,"column":81}}]},"14":{"loc":{"start":{"line":267,"column":40},"end":{"line":267,"column":81}},"type":"cond-expr","locations":[{"start":{"line":267,"column":65},"end":{"line":267,"column":73}},{"start":{"line":267,"column":76},"end":{"line":267,"column":81}}]},"15":{"loc":{"start":{"line":308,"column":13},"end":{"line":314,"column":19}},"type":"cond-expr","locations":[{"start":{"line":309,"column":10},"end":{"line":313,"column":null}},{"start":{"line":314,"column":10},"end":{"line":314,"column":19}}]},"16":{"loc":{"start":{"line":365,"column":20},"end":{"line":365,"column":72}},"type":"binary-expr","locations":[{"start":{"line":365,"column":20},"end":{"line":365,"column":26}},{"start":{"line":365,"column":30},"end":{"line":365,"column":72}}]},"17":{"loc":{"start":{"line":378,"column":18},"end":{"line":380,"column":13}},"type":"cond-expr","locations":[{"start":{"line":379,"column":12},"end":{"line":379,"column":61}},{"start":{"line":380,"column":12},"end":{"line":380,"column":13}}]},"18":{"loc":{"start":{"line":381,"column":22},"end":{"line":383,"column":13}},"type":"cond-expr","locations":[{"start":{"line":382,"column":12},"end":{"line":382,"column":51}},{"start":{"line":383,"column":12},"end":{"line":383,"column":13}}]},"19":{"loc":{"start":{"line":397,"column":4},"end":{"line":399,"column":5}},"type":"if","locations":[{"start":{"line":397,"column":4},"end":{"line":399,"column":5}},{"start":{},"end":{}}]},"20":{"loc":{"start":{"line":400,"column":4},"end":{"line":405,"column":5}},"type":"if","locations":[{"start":{"line":400,"column":4},"end":{"line":405,"column":5}},{"start":{},"end":{}}]},"21":{"loc":{"start":{"line":401,"column":6},"end":{"line":402,"column":62}},"type":"binary-expr","locations":[{"start":{"line":401,"column":6},"end":{"line":401,"column":36}},{"start":{"line":402,"column":6},"end":{"line":402,"column":62}}]},"22":{"loc":{"start":{"line":406,"column":4},"end":{"line":408,"column":5}},"type":"if","locations":[{"start":{"line":406,"column":4},"end":{"line":408,"column":5}},{"start":{},"end":{}}]},"23":{"loc":{"start":{"line":409,"column":4},"end":{"line":411,"column":5}},"type":"if","locations":[{"start":{"line":409,"column":4},"end":{"line":411,"column":5}},{"start":{},"end":{}}]},"24":{"loc":{"start":{"line":417,"column":6},"end":{"line":417,"column":67}},"type":"cond-expr","locations":[{"start":{"line":417,"column":24},"end":{"line":417,"column":30}},{"start":{"line":417,"column":33},"end":{"line":417,"column":67}}]},"25":{"loc":{"start":{"line":417,"column":33},"end":{"line":417,"column":67}},"type":"cond-expr","locations":[{"start":{"line":417,"column":51},"end":{"line":417,"column":59}},{"start":{"line":417,"column":62},"end":{"line":417,"column":67}}]},"26":{"loc":{"start":{"line":419,"column":6},"end":{"line":422,"column":62}},"type":"binary-expr","locations":[{"start":{"line":419,"column":6},"end":{"line":419,"column":34}},{"start":{"line":420,"column":6},"end":{"line":420,"column":28}},{"start":{"line":421,"column":6},"end":{"line":421,"column":32}},{"start":{"line":422,"column":6},"end":{"line":422,"column":62}}]},"27":{"loc":{"start":{"line":425,"column":4},"end":{"line":429,"column":5}},"type":"if","locations":[{"start":{"line":425,"column":4},"end":{"line":429,"column":5}},{"start":{},"end":{}}]},"28":{"loc":{"start":{"line":430,"column":4},"end":{"line":434,"column":5}},"type":"if","locations":[{"start":{"line":430,"column":4},"end":{"line":434,"column":5}},{"start":{},"end":{}}]},"29":{"loc":{"start":{"line":435,"column":4},"end":{"line":439,"column":5}},"type":"if","locations":[{"start":{"line":435,"column":4},"end":{"line":439,"column":5}},{"start":{},"end":{}}]},"30":{"loc":{"start":{"line":440,"column":4},"end":{"line":444,"column":5}},"type":"if","locations":[{"start":{"line":440,"column":4},"end":{"line":444,"column":5}},{"start":{},"end":{}}]},"31":{"loc":{"start":{"line":445,"column":4},"end":{"line":449,"column":5}},"type":"if","locations":[{"start":{"line":445,"column":4},"end":{"line":449,"column":5}},{"start":{},"end":{}}]},"32":{"loc":{"start":{"line":450,"column":4},"end":{"line":454,"column":5}},"type":"if","locations":[{"start":{"line":450,"column":4},"end":{"line":454,"column":5}},{"start":{},"end":{}}]},"33":{"loc":{"start":{"line":465,"column":11},"end":{"line":465,"column":44}},"type":"binary-expr","locations":[{"start":{"line":465,"column":11},"end":{"line":465,"column":38}},{"start":{"line":465,"column":42},"end":{"line":465,"column":44}}]},"34":{"loc":{"start":{"line":474,"column":4},"end":{"line":476,"column":5}},"type":"if","locations":[{"start":{"line":474,"column":4},"end":{"line":476,"column":5}},{"start":{},"end":{}}]},"35":{"loc":{"start":{"line":28,"column":29},"end":{"line":28,"column":null}},"type":"cond-expr","locations":[{"start":{"line":28,"column":42},"end":{"line":28,"column":null}},{"start":{"line":28,"column":42},"end":{"line":28,"column":null}}]},"36":{"loc":{"start":{"line":28,"column":29},"end":{"line":28,"column":42}},"type":"binary-expr","locations":[{"start":{"line":28,"column":29},"end":{"line":28,"column":null}},{"start":{"line":28,"column":29},"end":{"line":28,"column":42}}]},"37":{"loc":{"start":{"line":28,"column":42},"end":{"line":29,"column":null}},"type":"cond-expr","locations":[{"start":{"line":29,"column":49},"end":{"line":29,"column":null}},{"start":{"line":29,"column":49},"end":{"line":29,"column":null}}]},"38":{"loc":{"start":{"line":28,"column":42},"end":{"line":29,"column":49}},"type":"binary-expr","locations":[{"start":{"line":28,"column":42},"end":{"line":29,"column":null}},{"start":{"line":29,"column":36},"end":{"line":29,"column":49}}]}},"s":{"0":0,"1":0,"2":0,"3":0,"4":0,"5":0,"6":0,"7":0,"8":0,"9":0,"10":0,"11":0,"12":0,"13":0,"14":0,"15":0,"16":0,"17":0,"18":0,"19":0,"20":0,"21":0,"22":0,"23":0,"24":0,"25":0,"26":0,"27":0,"28":0,"29":0,"30":0,"31":0,"32":0,"33":0,"34":0,"35":0,"36":0,"37":0,"38":0,"39":0,"40":0,"41":0,"42":0,"43":0,"44":0,"45":0,"46":0,"47":0,"48":0,"49":0,"50":0,"51":0,"52":0,"53":0,"54":0,"55":0,"56":0,"57":0,"58":0,"59":0,"60":0,"61":0,"62":0,"63":0,"64":0,"65":0,"66":0,"67":0,"68":0,"69":0,"70":0,"71":0,"72":0,"73":0,"74":0,"75":0,"76":0,"77":0,"78":0,"79":0,"80":0,"81":0,"82":0,"83":0,"84":0,"85":0,"86":0,"87":0,"88":0,"89":0,"90":0,"91":0,"92":0,"93":0,"94":0,"95":0,"96":0,"97":0,"98":0,"99":0,"100":0,"101":0,"102":0,"103":0,"104":0,"105":0,"106":0,"107":0,"108":0,"109":0,"110":0,"111":0,"112":0,"113":0,"114":0},"f":{"0":0,"1":0,"2":0,"3":0,"4":0,"5":0,"6":0,"7":0,"8":0,"9":0,"10":0,"11":0,"12":0,"13":0,"14":0,"15":0,"16":0,"17":0,"18":0,"19":0,"20":0,"21":0,"22":0,"23":0,"24":0,"25":0,"26":0,"27":0,"28":0},"b":{"0":[0,0],"1":[0,0,0],"2":[0,0],"3":[0,0,0,0],"4":[0,0,0,0],"5":[0,0,0],"6":[0,0,0,0],"7":[0,0,0,0],"8":[0,0,0,0],"9":[0,0],"10":[0,0],"11":[0,0],"12":[0,0],"13":[0,0],"14":[0,0],"15":[0,0],"16":[0,0],"17":[0,0],"18":[0,0],"19":[0,0],"20":[0,0],"21":[0,0],"22":[0,0],"23":[0,0],"24":[0,0],"25":[0,0],"26":[0,0,0,0],"27":[0,0],"28":[0,0],"29":[0,0],"30":[0,0],"31":[0,0],"32":[0,0],"33":[0,0],"34":[0,0],"35":[0,0],"36":[0,0],"37":[0,0],"38":[0,0]}}
,"D:\\Measurement\\backend\\src\\data-sources\\data-sources.controller.ts": {"path":"D:\\Measurement\\backend\\src\\data-sources\\data-sources.controller.ts","statementMap":{"0":{"start":{"line":1,"column":0},"end":{"line":1,"column":null}},"1":{"start":{"line":10,"column":0},"end":{"line":10,"column":59}},"2":{"start":{"line":11,"column":0},"end":{"line":11,"column":60}},"3":{"start":{"line":14,"column":7},"end":{"line":68,"column":null}},"4":{"start":{"line":15,"column":31},"end":{"line":15,"column":51}},"5":{"start":{"line":19,"column":4},"end":{"line":19,"column":50}},"6":{"start":{"line":42,"column":4},"end":{"line":44,"column":5}},"7":{"start":{"line":43,"column":6},"end":{"line":43,"column":71}},"8":{"start":{"line":46,"column":4},"end":{"line":46,"column":78}},"9":{"start":{"line":51,"column":4},"end":{"line":51,"column":57}},"10":{"start":{"line":56,"column":4},"end":{"line":56,"column":61}},"11":{"start":{"line":61,"column":4},"end":{"line":61,"column":53}},"12":{"start":{"line":66,"column":4},"end":{"line":66,"column":53}},"13":{"start":{"line":14,"column":13},"end":{"line":14,"column":34}},"14":{"start":{"line":18,"column":2},"end":{"line":20,"column":null}},"15":{"start":{"line":24,"column":2},"end":{"line":47,"column":null}},"16":{"start":{"line":50,"column":2},"end":{"line":52,"column":null}},"17":{"start":{"line":55,"column":2},"end":{"line":57,"column":null}},"18":{"start":{"line":60,"column":2},"end":{"line":62,"column":null}},"19":{"start":{"line":65,"column":2},"end":{"line":67,"column":null}},"20":{"start":{"line":14,"column":13},"end":{"line":68,"column":null}}},"fnMap":{"0":{"name":"(anonymous_4)","decl":{"start":{"line":15,"column":2},"end":{"line":15,"column":31}},"loc":{"start":{"line":15,"column":69},"end":{"line":15,"column":73}}},"1":{"name":"(anonymous_5)","decl":{"start":{"line":18,"column":2},"end":{"line":18,"column":14}},"loc":{"start":{"line":18,"column":14},"end":{"line":20,"column":3}}},"2":{"name":"(anonymous_6)","decl":{"start":{"line":24,"column":2},"end":{"line":24,"column":16}},"loc":{"start":{"line":40,"column":5},"end":{"line":47,"column":3}}},"3":{"name":"(anonymous_7)","decl":{"start":{"line":50,"column":2},"end":{"line":50,"column":26}},"loc":{"start":{"line":50,"column":64},"end":{"line":52,"column":3}}},"4":{"name":"(anonymous_8)","decl":{"start":{"line":55,"column":2},"end":{"line":55,"column":23}},"loc":{"start":{"line":55,"column":61},"end":{"line":57,"column":3}}},"5":{"name":"(anonymous_9)","decl":{"start":{"line":60,"column":2},"end":{"line":60,"column":19}},"loc":{"start":{"line":60,"column":57},"end":{"line":62,"column":3}}},"6":{"name":"(anonymous_10)","decl":{"start":{"line":65,"column":2},"end":{"line":65,"column":22}},"loc":{"start":{"line":65,"column":60},"end":{"line":67,"column":3}}}},"branchMap":{"0":{"loc":{"start":{"line":42,"column":4},"end":{"line":44,"column":5}},"type":"if","locations":[{"start":{"line":42,"column":4},"end":{"line":44,"column":5}},{"start":{},"end":{}}]},"1":{"loc":{"start":{"line":46,"column":66},"end":{"line":46,"column":76}},"type":"binary-expr","locations":[{"start":{"line":46,"column":66},"end":{"line":46,"column":70}},{"start":{"line":46,"column":74},"end":{"line":46,"column":76}}]},"2":{"loc":{"start":{"line":50,"column":41},"end":{"line":50,"column":64}},"type":"cond-expr","locations":[{"start":{"line":50,"column":47},"end":{"line":50,"column":64}},{"start":{"line":50,"column":47},"end":{"line":50,"column":64}}]},"3":{"loc":{"start":{"line":50,"column":41},"end":{"line":50,"column":47}},"type":"binary-expr","locations":[{"start":{"line":50,"column":41},"end":{"line":50,"column":64}},{"start":{"line":50,"column":41},"end":{"line":50,"column":47}}]},"4":{"loc":{"start":{"line":55,"column":38},"end":{"line":55,"column":61}},"type":"cond-expr","locations":[{"start":{"line":55,"column":44},"end":{"line":55,"column":61}},{"start":{"line":55,"column":44},"end":{"line":55,"column":61}}]},"5":{"loc":{"start":{"line":55,"column":38},"end":{"line":55,"column":44}},"type":"binary-expr","locations":[{"start":{"line":55,"column":38},"end":{"line":55,"column":61}},{"start":{"line":55,"column":38},"end":{"line":55,"column":44}}]},"6":{"loc":{"start":{"line":60,"column":34},"end":{"line":60,"column":57}},"type":"cond-expr","locations":[{"start":{"line":60,"column":40},"end":{"line":60,"column":57}},{"start":{"line":60,"column":40},"end":{"line":60,"column":57}}]},"7":{"loc":{"start":{"line":60,"column":34},"end":{"line":60,"column":40}},"type":"binary-expr","locations":[{"start":{"line":60,"column":34},"end":{"line":60,"column":57}},{"start":{"line":60,"column":34},"end":{"line":60,"column":40}}]},"8":{"loc":{"start":{"line":65,"column":37},"end":{"line":65,"column":60}},"type":"cond-expr","locations":[{"start":{"line":65,"column":43},"end":{"line":65,"column":60}},{"start":{"line":65,"column":43},"end":{"line":65,"column":60}}]},"9":{"loc":{"start":{"line":65,"column":37},"end":{"line":65,"column":43}},"type":"binary-expr","locations":[{"start":{"line":65,"column":37},"end":{"line":65,"column":60}},{"start":{"line":65,"column":37},"end":{"line":65,"column":43}}]},"10":{"loc":{"start":{"line":15,"column":51},"end":{"line":15,"column":72}},"type":"cond-expr","locations":[{"start":{"line":15,"column":69},"end":{"line":15,"column":72}},{"start":{"line":15,"column":69},"end":{"line":15,"column":72}}]},"11":{"loc":{"start":{"line":15,"column":51},"end":{"line":15,"column":69}},"type":"binary-expr","locations":[{"start":{"line":15,"column":51},"end":{"line":15,"column":72}},{"start":{"line":15,"column":51},"end":{"line":15,"column":69}}]}},"s":{"0":0,"1":0,"2":0,"3":0,"4":0,"5":0,"6":0,"7":0,"8":0,"9":0,"10":0,"11":0,"12":0,"13":0,"14":0,"15":0,"16":0,"17":0,"18":0,"19":0,"20":0},"f":{"0":0,"1":0,"2":0,"3":0,"4":0,"5":0,"6":0},"b":{"0":[0,0],"1":[0,0],"2":[0,0],"3":[0,0],"4":[0,0],"5":[0,0],"6":[0,0],"7":[0,0],"8":[0,0],"9":[0,0],"10":[0,0],"11":[0,0]}}
,"D:\\Measurement\\backend\\src\\data-sources\\data-sources.module.ts": {"path":"D:\\Measurement\\backend\\src\\data-sources\\data-sources.module.ts","statementMap":{"0":{"start":{"line":1,"column":0},"end":{"line":1,"column":40}},"1":{"start":{"line":2,"column":0},"end":{"line":2,"column":55}},"2":{"start":{"line":3,"column":0},"end":{"line":3,"column":66}},"3":{"start":{"line":4,"column":0},"end":{"line":4,"column":60}},"4":{"start":{"line":12,"column":7},"end":{"line":12,"column":null}},"5":{"start":{"line":12,"column":13},"end":{"line":12,"column":30}},"6":{"start":{"line":12,"column":13},"end":{"line":12,"column":null}}},"fnMap":{},"branchMap":{},"s":{"0":0,"1":0,"2":0,"3":0,"4":0,"5":0,"6":0},"f":{},"b":{}}
,"D:\\Measurement\\backend\\src\\data-sources\\data-sources.service.ts": {"path":"D:\\Measurement\\backend\\src\\data-sources\\data-sources.service.ts","statementMap":{"0":{"start":{"line":1,"column":0},"end":{"line":1,"column":44}},"1":{"start":{"line":2,"column":0},"end":{"line":2,"column":57}},"2":{"start":{"line":3,"column":0},"end":{"line":3,"column":57}},"3":{"start":{"line":14,"column":7},"end":{"line":868,"column":null}},"4":{"start":{"line":16,"column":21},"end":{"line":16,"column":29}},"5":{"start":{"line":17,"column":21},"end":{"line":17,"column":36}},"6":{"start":{"line":21,"column":4},"end":{"line":119,"column":6}},"7":{"start":{"line":133,"column":22},"end":{"line":133,"column":77}},"8":{"start":{"line":134,"column":4},"end":{"line":142,"column":5}},"9":{"start":{"line":135,"column":6},"end":{"line":141,"column":8}},"10":{"start":{"line":144,"column":17},"end":{"line":144,"column":60}},"11":{"start":{"line":145,"column":23},"end":{"line":145,"column":67}},"12":{"start":{"line":147,"column":4},"end":{"line":154,"column":5}},"13":{"start":{"line":148,"column":6},"end":{"line":153,"column":8}},"14":{"start":{"line":158,"column":4},"end":{"line":179,"column":5}},"15":{"start":{"line":159,"column":6},"end":{"line":159,"column":62}},"16":{"start":{"line":160,"column":11},"end":{"line":179,"column":5}},"17":{"start":{"line":161,"column":6},"end":{"line":161,"column":62}},"18":{"start":{"line":162,"column":11},"end":{"line":179,"column":5}},"19":{"start":{"line":163,"column":6},"end":{"line":163,"column":64}},"20":{"start":{"line":164,"column":11},"end":{"line":179,"column":5}},"21":{"start":{"line":165,"column":6},"end":{"line":165,"column":61}},"22":{"start":{"line":167,"column":6},"end":{"line":178,"column":8}},"23":{"start":{"line":181,"column":4},"end":{"line":184,"column":6}},"24":{"start":{"line":186,"column":4},"end":{"line":192,"column":6}},"25":{"start":{"line":196,"column":19},"end":{"line":196,"column":63}},"26":{"start":{"line":197,"column":4},"end":{"line":200,"column":6}},"27":{"start":{"line":201,"column":4},"end":{"line":201,"column":18}},"28":{"start":{"line":206,"column":6},"end":{"line":206,"column":63}},"29":{"start":{"line":207,"column":23},"end":{"line":207,"column":78}},"30":{"start":{"line":208,"column":20},"end":{"line":208,"column":57}},"31":{"start":{"line":209,"column":19},"end":{"line":212,"column":null}},"32":{"start":{"line":214,"column":22},"end":{"line":214,"column":54}},"33":{"start":{"line":215,"column":25},"end":{"line":215,"column":60}},"34":{"start":{"line":217,"column":27},"end":{"line":217,"column":28}},"35":{"start":{"line":218,"column":30},"end":{"line":218,"column":31}},"36":{"start":{"line":220,"column":4},"end":{"line":254,"column":5}},"37":{"start":{"line":221,"column":19},"end":{"line":221,"column":55}},"38":{"start":{"line":222,"column":20},"end":{"line":222,"column":57}},"39":{"start":{"line":223,"column":6},"end":{"line":225,"column":7}},"40":{"start":{"line":224,"column":8},"end":{"line":224,"column":17}},"41":{"start":{"line":227,"column":23},"end":{"line":230,"column":8}},"42":{"start":{"line":232,"column":6},"end":{"line":234,"column":7}},"43":{"start":{"line":233,"column":8},"end":{"line":233,"column":30}},"44":{"start":{"line":236,"column":6},"end":{"line":253,"column":9}},"45":{"start":{"line":256,"column":4},"end":{"line":321,"column":5}},"46":{"start":{"line":257,"column":19},"end":{"line":257,"column":58}},"47":{"start":{"line":258,"column":20},"end":{"line":258,"column":60}},"48":{"start":{"line":259,"column":6},"end":{"line":261,"column":7}},"49":{"start":{"line":260,"column":8},"end":{"line":260,"column":17}},"50":{"start":{"line":263,"column":23},"end":{"line":266,"column":8}},"51":{"start":{"line":268,"column":6},"end":{"line":270,"column":7}},"52":{"start":{"line":269,"column":8},"end":{"line":269,"column":33}},"53":{"start":{"line":272,"column":26},"end":{"line":289,"column":8}},"54":{"start":{"line":291,"column":26},"end":{"line":291,"column":79}},"55":{"start":{"line":292,"column":6},"end":{"line":320,"column":7}},"56":{"start":{"line":293,"column":31},"end":{"line":296,"column":10}},"57":{"start":{"line":298,"column":8},"end":{"line":300,"column":9}},"58":{"start":{"line":299,"column":10},"end":{"line":299,"column":19}},"59":{"start":{"line":302,"column":29},"end":{"line":309,"column":null}},"60":{"start":{"line":312,"column":8},"end":{"line":319,"column":9}},"61":{"start":{"line":313,"column":10},"end":{"line":318,"column":13}},"62":{"start":{"line":323,"column":4},"end":{"line":330,"column":6}},"63":{"start":{"line":335,"column":6},"end":{"line":335,"column":63}},"64":{"start":{"line":336,"column":20},"end":{"line":336,"column":57}},"65":{"start":{"line":338,"column":6},"end":{"line":338,"column":69}},"66":{"start":{"line":339,"column":20},"end":{"line":339,"column":50}},"67":{"start":{"line":341,"column":20},"end":{"line":349,"column":6}},"68":{"start":{"line":351,"column":26},"end":{"line":351,"column":27}},"69":{"start":{"line":353,"column":4},"end":{"line":381,"column":5}},"70":{"start":{"line":354,"column":27},"end":{"line":354,"column":69}},"71":{"start":{"line":355,"column":6},"end":{"line":357,"column":7}},"72":{"start":{"line":356,"column":8},"end":{"line":356,"column":17}},"73":{"start":{"line":359,"column":23},"end":{"line":362,"column":8}},"74":{"start":{"line":364,"column":6},"end":{"line":366,"column":7}},"75":{"start":{"line":365,"column":8},"end":{"line":365,"column":17}},"76":{"start":{"line":368,"column":6},"end":{"line":378,"column":9}},"77":{"start":{"line":380,"column":6},"end":{"line":380,"column":27}},"78":{"start":{"line":383,"column":4},"end":{"line":388,"column":6}},"79":{"start":{"line":392,"column":19},"end":{"line":392,"column":60}},"80":{"start":{"line":393,"column":4},"end":{"line":396,"column":6}},"81":{"start":{"line":397,"column":4},"end":{"line":397,"column":18}},"82":{"start":{"line":402,"column":6},"end":{"line":402,"column":63}},"83":{"start":{"line":403,"column":20},"end":{"line":403,"column":57}},"84":{"start":{"line":404,"column":20},"end":{"line":404,"column":63}},"85":{"start":{"line":405,"column":19},"end":{"line":405,"column":48}},"86":{"start":{"line":406,"column":25},"end":{"line":406,"column":26}},"87":{"start":{"line":408,"column":4},"end":{"line":456,"column":5}},"88":{"start":{"line":409,"column":22},"end":{"line":409,"column":58}},"89":{"start":{"line":410,"column":25},"end":{"line":410,"column":64}},"90":{"start":{"line":411,"column":20},"end":{"line":411,"column":54}},"91":{"start":{"line":413,"column":6},"end":{"line":415,"column":7}},"92":{"start":{"line":414,"column":8},"end":{"line":414,"column":17}},"93":{"start":{"line":417,"column":21},"end":{"line":417,"column":68}},"94":{"start":{"line":418,"column":27},"end":{"line":418,"column":68}},"95":{"start":{"line":419,"column":29},"end":{"line":424,"column":14}},"96":{"start":{"line":426,"column":6},"end":{"line":453,"column":9}},"97":{"start":{"line":455,"column":6},"end":{"line":455,"column":26}},"98":{"start":{"line":458,"column":4},"end":{"line":463,"column":6}},"99":{"start":{"line":467,"column":19},"end":{"line":467,"column":56}},"100":{"start":{"line":468,"column":4},"end":{"line":471,"column":6}},"101":{"start":{"line":472,"column":4},"end":{"line":472,"column":18}},"102":{"start":{"line":477,"column":6},"end":{"line":477,"column":63}},"103":{"start":{"line":478,"column":20},"end":{"line":478,"column":57}},"104":{"start":{"line":479,"column":23},"end":{"line":479,"column":73}},"105":{"start":{"line":480,"column":25},"end":{"line":480,"column":56}},"106":{"start":{"line":481,"column":31},"end":{"line":481,"column":32}},"107":{"start":{"line":483,"column":4},"end":{"line":505,"column":5}},"108":{"start":{"line":484,"column":25},"end":{"line":484,"column":67}},"109":{"start":{"line":485,"column":6},"end":{"line":487,"column":7}},"110":{"start":{"line":486,"column":8},"end":{"line":486,"column":17}},"111":{"start":{"line":489,"column":21},"end":{"line":489,"column":68}},"112":{"start":{"line":490,"column":30},"end":{"line":490,"column":77}},"113":{"start":{"line":492,"column":6},"end":{"line":494,"column":7}},"114":{"start":{"line":493,"column":8},"end":{"line":493,"column":17}},"115":{"start":{"line":496,"column":6},"end":{"line":502,"column":9}},"116":{"start":{"line":504,"column":6},"end":{"line":504,"column":32}},"117":{"start":{"line":507,"column":4},"end":{"line":512,"column":6}},"118":{"start":{"line":516,"column":19},"end":{"line":516,"column":59}},"119":{"start":{"line":517,"column":4},"end":{"line":520,"column":6}},"120":{"start":{"line":521,"column":4},"end":{"line":521,"column":18}},"121":{"start":{"line":531,"column":24},"end":{"line":531,"column":70}},"122":{"start":{"line":532,"column":20},"end":{"line":532,"column":null}},"123":{"start":{"line":542,"column":4},"end":{"line":589,"column":5}},"124":{"start":{"line":544,"column":8},"end":{"line":546,"column":25}},"125":{"start":{"line":548,"column":8},"end":{"line":554,"column":10}},"126":{"start":{"line":556,"column":27},"end":{"line":556,"column":59}},"127":{"start":{"line":557,"column":28},"end":{"line":557,"column":61}},"128":{"start":{"line":558,"column":6},"end":{"line":566,"column":7}},"129":{"start":{"line":559,"column":8},"end":{"line":565,"column":11}},"130":{"start":{"line":568,"column":30},"end":{"line":568,"column":65}},"131":{"start":{"line":569,"column":31},"end":{"line":569,"column":67}},"132":{"start":{"line":570,"column":6},"end":{"line":586,"column":7}},"133":{"start":{"line":571,"column":36},"end":{"line":577,"column":10}},"134":{"start":{"line":578,"column":36},"end":{"line":579,"column":null}},"135":{"start":{"line":581,"column":8},"end":{"line":583,"column":9}},"136":{"start":{"line":582,"column":10},"end":{"line":582,"column":48}},"137":{"start":{"line":584,"column":8},"end":{"line":584,"column":69}},"138":{"start":{"line":585,"column":8},"end":{"line":585,"column":70}},"139":{"start":{"line":588,"column":6},"end":{"line":588,"column":38}},"140":{"start":{"line":591,"column":20},"end":{"line":591,"column":22}},"141":{"start":{"line":592,"column":4},"end":{"line":602,"column":5}},"142":{"start":{"line":593,"column":6},"end":{"line":601,"column":8}},"143":{"start":{"line":604,"column":4},"end":{"line":621,"column":6}},"144":{"start":{"line":631,"column":20},"end":{"line":644,"column":6}},"145":{"start":{"line":638,"column":34},"end":{"line":643,"column":8}},"146":{"start":{"line":646,"column":4},"end":{"line":657,"column":6}},"147":{"start":{"line":667,"column":20},"end":{"line":681,"column":6}},"148":{"start":{"line":670,"column":33},"end":{"line":680,"column":8}},"149":{"start":{"line":683,"column":4},"end":{"line":696,"column":6}},"150":{"start":{"line":706,"column":20},"end":{"line":714,"column":6}},"151":{"start":{"line":709,"column":35},"end":{"line":713,"column":8}},"152":{"start":{"line":716,"column":4},"end":{"line":719,"column":6}},"153":{"start":{"line":723,"column":21},"end":{"line":726,"column":6}},"154":{"start":{"line":728,"column":4},"end":{"line":730,"column":5}},"155":{"start":{"line":729,"column":6},"end":{"line":729,"column":22}},"156":{"start":{"line":732,"column":4},"end":{"line":738,"column":7}},"157":{"start":{"line":746,"column":21},"end":{"line":749,"column":6}},"158":{"start":{"line":751,"column":4},"end":{"line":753,"column":5}},"159":{"start":{"line":752,"column":6},"end":{"line":752,"column":22}},"160":{"start":{"line":755,"column":4},"end":{"line":762,"column":7}},"161":{"start":{"line":766,"column":4},"end":{"line":766,"column":75}},"162":{"start":{"line":770,"column":4},"end":{"line":772,"column":5}},"163":{"start":{"line":771,"column":6},"end":{"line":771,"column":19}},"164":{"start":{"line":773,"column":4},"end":{"line":776,"column":5}},"165":{"start":{"line":774,"column":21},"end":{"line":774,"column":34}},"166":{"start":{"line":775,"column":6},"end":{"line":775,"column":53}},"167":{"start":{"line":777,"column":4},"end":{"line":777,"column":16}},"168":{"start":{"line":781,"column":4},"end":{"line":783,"column":5}},"169":{"start":{"line":782,"column":6},"end":{"line":782,"column":18}},"170":{"start":{"line":785,"column":4},"end":{"line":787,"column":5}},"171":{"start":{"line":786,"column":6},"end":{"line":786,"column":58}},"172":{"start":{"line":789,"column":4},"end":{"line":791,"column":5}},"173":{"start":{"line":790,"column":6},"end":{"line":790,"column":18}},"174":{"start":{"line":793,"column":17},"end":{"line":793,"column":32}},"175":{"start":{"line":794,"column":4},"end":{"line":794,"column":54}},"176":{"start":{"line":798,"column":4},"end":{"line":802,"column":11}},"177":{"start":{"line":800,"column":43},"end":{"line":800,"column":77}},"178":{"start":{"line":806,"column":4},"end":{"line":810,"column":11}},"179":{"start":{"line":808,"column":25},"end":{"line":808,"column":45}},"180":{"start":{"line":809,"column":44},"end":{"line":809,"column":57}},"181":{"start":{"line":814,"column":18},"end":{"line":817,"column":40}},"182":{"start":{"line":816,"column":21},"end":{"line":816,"column":32}},"183":{"start":{"line":817,"column":24},"end":{"line":817,"column":39}},"184":{"start":{"line":819,"column":4},"end":{"line":821,"column":5}},"185":{"start":{"line":820,"column":6},"end":{"line":820,"column":16}},"186":{"start":{"line":823,"column":20},"end":{"line":823,"column":47}},"187":{"start":{"line":824,"column":4},"end":{"line":833,"column":7}},"188":{"start":{"line":825,"column":21},"end":{"line":825,"column":44}},"189":{"start":{"line":826,"column":33},"end":{"line":826,"column":35}},"190":{"start":{"line":828,"column":6},"end":{"line":830,"column":9}},"191":{"start":{"line":829,"column":8},"end":{"line":829,"column":42}},"192":{"start":{"line":832,"column":6},"end":{"line":832,"column":17}},"193":{"start":{"line":837,"column":29},"end":{"line":837,"column":31}},"194":{"start":{"line":838,"column":18},"end":{"line":838,"column":20}},"195":{"start":{"line":839,"column":19},"end":{"line":839,"column":24}},"196":{"start":{"line":841,"column":4},"end":{"line":863,"column":5}},"197":{"start":{"line":841,"column":21},"end":{"line":841,"column":22}},"198":{"start":{"line":842,"column":24},"end":{"line":842,"column":35}},"199":{"start":{"line":843,"column":28},"end":{"line":843,"column":43}},"200":{"start":{"line":845,"column":6},"end":{"line":849,"column":7}},"201":{"start":{"line":846,"column":8},"end":{"line":846,"column":23}},"202":{"start":{"line":847,"column":8},"end":{"line":847,"column":19}},"203":{"start":{"line":848,"column":8},"end":{"line":848,"column":17}},"204":{"start":{"line":851,"column":6},"end":{"line":854,"column":7}},"205":{"start":{"line":852,"column":8},"end":{"line":852,"column":29}},"206":{"start":{"line":853,"column":8},"end":{"line":853,"column":17}},"207":{"start":{"line":856,"column":6},"end":{"line":860,"column":7}},"208":{"start":{"line":857,"column":8},"end":{"line":857,"column":36}},"209":{"start":{"line":858,"column":8},"end":{"line":858,"column":21}},"210":{"start":{"line":859,"column":8},"end":{"line":859,"column":17}},"211":{"start":{"line":862,"column":6},"end":{"line":862,"column":27}},"212":{"start":{"line":865,"column":4},"end":{"line":865,"column":32}},"213":{"start":{"line":866,"column":4},"end":{"line":866,"column":18}},"214":{"start":{"line":14,"column":13},"end":{"line":14,"column":31}},"215":{"start":{"line":14,"column":13},"end":{"line":868,"column":null}}},"fnMap":{"0":{"name":"(anonymous_2)","decl":{"start":{"line":15,"column":2},"end":{"line":15,"column":null}},"loc":{"start":{"line":17,"column":49},"end":{"line":18,"column":6}}},"1":{"name":"(anonymous_3)","decl":{"start":{"line":20,"column":2},"end":{"line":20,"column":14}},"loc":{"start":{"line":20,"column":14},"end":{"line":120,"column":3}}},"2":{"name":"(anonymous_4)","decl":{"start":{"line":122,"column":2},"end":{"line":122,"column":7}},"loc":{"start":{"line":131,"column":5},"end":{"line":193,"column":3}}},"3":{"name":"(anonymous_5)","decl":{"start":{"line":195,"column":2},"end":{"line":195,"column":7}},"loc":{"start":{"line":195,"column":46},"end":{"line":202,"column":3}}},"4":{"name":"(anonymous_6)","decl":{"start":{"line":204,"column":2},"end":{"line":204,"column":7}},"loc":{"start":{"line":204,"column":55},"end":{"line":331,"column":3}}},"5":{"name":"(anonymous_7)","decl":{"start":{"line":333,"column":2},"end":{"line":333,"column":7}},"loc":{"start":{"line":333,"column":52},"end":{"line":389,"column":3}}},"6":{"name":"(anonymous_8)","decl":{"start":{"line":391,"column":2},"end":{"line":391,"column":7}},"loc":{"start":{"line":391,"column":50},"end":{"line":398,"column":3}}},"7":{"name":"(anonymous_9)","decl":{"start":{"line":400,"column":2},"end":{"line":400,"column":7}},"loc":{"start":{"line":400,"column":48},"end":{"line":464,"column":3}}},"8":{"name":"(anonymous_10)","decl":{"start":{"line":466,"column":2},"end":{"line":466,"column":7}},"loc":{"start":{"line":466,"column":42},"end":{"line":473,"column":3}}},"9":{"name":"(anonymous_11)","decl":{"start":{"line":475,"column":2},"end":{"line":475,"column":7}},"loc":{"start":{"line":475,"column":51},"end":{"line":513,"column":3}}},"10":{"name":"(anonymous_12)","decl":{"start":{"line":515,"column":2},"end":{"line":515,"column":7}},"loc":{"start":{"line":515,"column":42},"end":{"line":522,"column":3}}},"11":{"name":"(anonymous_13)","decl":{"start":{"line":524,"column":10},"end":{"line":524,"column":15}},"loc":{"start":{"line":529,"column":5},"end":{"line":622,"column":3}}},"12":{"name":"(anonymous_14)","decl":{"start":{"line":624,"column":10},"end":{"line":624,"column":15}},"loc":{"start":{"line":629,"column":5},"end":{"line":658,"column":3}}},"13":{"name":"(anonymous_15)","decl":{"start":{"line":638,"column":24},"end":{"line":638,"column":25}},"loc":{"start":{"line":638,"column":34},"end":{"line":643,"column":8}}},"14":{"name":"(anonymous_16)","decl":{"start":{"line":660,"column":10},"end":{"line":660,"column":15}},"loc":{"start":{"line":665,"column":5},"end":{"line":697,"column":3}}},"15":{"name":"(anonymous_17)","decl":{"start":{"line":670,"column":23},"end":{"line":670,"column":24}},"loc":{"start":{"line":670,"column":33},"end":{"line":680,"column":8}}},"16":{"name":"(anonymous_18)","decl":{"start":{"line":699,"column":10},"end":{"line":699,"column":15}},"loc":{"start":{"line":704,"column":5},"end":{"line":720,"column":3}}},"17":{"name":"(anonymous_19)","decl":{"start":{"line":709,"column":25},"end":{"line":709,"column":26}},"loc":{"start":{"line":709,"column":35},"end":{"line":713,"column":8}}},"18":{"name":"(anonymous_20)","decl":{"start":{"line":722,"column":10},"end":{"line":722,"column":15}},"loc":{"start":{"line":722,"column":42},"end":{"line":739,"column":3}}},"19":{"name":"(anonymous_21)","decl":{"start":{"line":741,"column":10},"end":{"line":741,"column":15}},"loc":{"start":{"line":744,"column":31},"end":{"line":763,"column":3}}},"20":{"name":"(anonymous_22)","decl":{"start":{"line":765,"column":10},"end":{"line":765,"column":19}},"loc":{"start":{"line":765,"column":34},"end":{"line":767,"column":3}}},"21":{"name":"(anonymous_23)","decl":{"start":{"line":769,"column":10},"end":{"line":769,"column":19}},"loc":{"start":{"line":769,"column":34},"end":{"line":778,"column":3}}},"22":{"name":"(anonymous_24)","decl":{"start":{"line":780,"column":10},"end":{"line":780,"column":17}},"loc":{"start":{"line":780,"column":32},"end":{"line":795,"column":3}}},"23":{"name":"(anonymous_25)","decl":{"start":{"line":797,"column":10},"end":{"line":797,"column":18}},"loc":{"start":{"line":797,"column":33},"end":{"line":803,"column":3}}},"24":{"name":"(anonymous_26)","decl":{"start":{"line":800,"column":10},"end":{"line":800,"column":11}},"loc":{"start":{"line":800,"column":43},"end":{"line":800,"column":77}}},"25":{"name":"(anonymous_27)","decl":{"start":{"line":805,"column":10},"end":{"line":805,"column":24}},"loc":{"start":{"line":805,"column":39},"end":{"line":811,"column":3}}},"26":{"name":"(anonymous_28)","decl":{"start":{"line":808,"column":15},"end":{"line":808,"column":16}},"loc":{"start":{"line":808,"column":25},"end":{"line":808,"column":45}}},"27":{"name":"(anonymous_29)","decl":{"start":{"line":809,"column":18},"end":{"line":809,"column":19}},"loc":{"start":{"line":809,"column":44},"end":{"line":809,"column":57}}},"28":{"name":"(anonymous_30)","decl":{"start":{"line":813,"column":10},"end":{"line":813,"column":18}},"loc":{"start":{"line":813,"column":34},"end":{"line":834,"column":3}}},"29":{"name":"(anonymous_31)","decl":{"start":{"line":816,"column":11},"end":{"line":816,"column":12}},"loc":{"start":{"line":816,"column":21},"end":{"line":816,"column":32}}},"30":{"name":"(anonymous_32)","decl":{"start":{"line":817,"column":14},"end":{"line":817,"column":15}},"loc":{"start":{"line":817,"column":24},"end":{"line":817,"column":39}}},"31":{"name":"(anonymous_33)","decl":{"start":{"line":824,"column":30},"end":{"line":824,"column":31}},"loc":{"start":{"line":824,"column":39},"end":{"line":833,"column":5}}},"32":{"name":"(anonymous_34)","decl":{"start":{"line":828,"column":22},"end":{"line":828,"column":23}},"loc":{"start":{"line":828,"column":40},"end":{"line":830,"column":7}}},"33":{"name":"(anonymous_35)","decl":{"start":{"line":836,"column":10},"end":{"line":836,"column":22}},"loc":{"start":{"line":836,"column":35},"end":{"line":867,"column":3}}}},"branchMap":{"0":{"loc":{"start":{"line":133,"column":22},"end":{"line":133,"column":77}},"type":"binary-expr","locations":[{"start":{"line":133,"column":22},"end":{"line":133,"column":71}},{"start":{"line":133,"column":75},"end":{"line":133,"column":77}}]},"1":{"loc":{"start":{"line":134,"column":4},"end":{"line":142,"column":5}},"type":"if","locations":[{"start":{"line":134,"column":4},"end":{"line":142,"column":5}},{"start":{},"end":{}}]},"2":{"loc":{"start":{"line":138,"column":20},"end":{"line":138,"column":48}},"type":"binary-expr","locations":[{"start":{"line":138,"column":20},"end":{"line":138,"column":35}},{"start":{"line":138,"column":39},"end":{"line":138,"column":48}}]},"3":{"loc":{"start":{"line":145,"column":24},"end":{"line":145,"column":45}},"type":"binary-expr","locations":[{"start":{"line":145,"column":24},"end":{"line":145,"column":39}},{"start":{"line":145,"column":43},"end":{"line":145,"column":45}}]},"4":{"loc":{"start":{"line":147,"column":4},"end":{"line":154,"column":5}},"type":"if","locations":[{"start":{"line":147,"column":4},"end":{"line":154,"column":5}},{"start":{},"end":{}}]},"5":{"loc":{"start":{"line":151,"column":20},"end":{"line":151,"column":43}},"type":"binary-expr","locations":[{"start":{"line":151,"column":20},"end":{"line":151,"column":30}},{"start":{"line":151,"column":34},"end":{"line":151,"column":43}}]},"6":{"loc":{"start":{"line":158,"column":4},"end":{"line":179,"column":5}},"type":"if","locations":[{"start":{"line":158,"column":4},"end":{"line":179,"column":5}},{"start":{"line":160,"column":11},"end":{"line":179,"column":5}}]},"7":{"loc":{"start":{"line":160,"column":11},"end":{"line":179,"column":5}},"type":"if","locations":[{"start":{"line":160,"column":11},"end":{"line":179,"column":5}},{"start":{"line":162,"column":11},"end":{"line":179,"column":5}}]},"8":{"loc":{"start":{"line":162,"column":11},"end":{"line":179,"column":5}},"type":"if","locations":[{"start":{"line":162,"column":11},"end":{"line":179,"column":5}},{"start":{"line":164,"column":11},"end":{"line":179,"column":5}}]},"9":{"loc":{"start":{"line":164,"column":11},"end":{"line":179,"column":5}},"type":"if","locations":[{"start":{"line":164,"column":11},"end":{"line":179,"column":5}},{"start":{"line":166,"column":11},"end":{"line":179,"column":5}}]},"10":{"loc":{"start":{"line":170,"column":20},"end":{"line":170,"column":43}},"type":"binary-expr","locations":[{"start":{"line":170,"column":20},"end":{"line":170,"column":30}},{"start":{"line":170,"column":34},"end":{"line":170,"column":43}}]},"11":{"loc":{"start":{"line":206,"column":6},"end":{"line":206,"column":63}},"type":"binary-expr","locations":[{"start":{"line":206,"column":6},"end":{"line":206,"column":41}},{"start":{"line":206,"column":45},"end":{"line":206,"column":63}}]},"12":{"loc":{"start":{"line":207,"column":23},"end":{"line":207,"column":78}},"type":"binary-expr","locations":[{"start":{"line":207,"column":23},"end":{"line":207,"column":57}},{"start":{"line":207,"column":61},"end":{"line":207,"column":78}}]},"13":{"loc":{"start":{"line":223,"column":6},"end":{"line":225,"column":7}},"type":"if","locations":[{"start":{"line":223,"column":6},"end":{"line":225,"column":7}},{"start":{},"end":{}}]},"14":{"loc":{"start":{"line":223,"column":10},"end":{"line":223,"column":25}},"type":"binary-expr","locations":[{"start":{"line":223,"column":10},"end":{"line":223,"column":15}},{"start":{"line":223,"column":19},"end":{"line":223,"column":25}}]},"15":{"loc":{"start":{"line":232,"column":6},"end":{"line":234,"column":7}},"type":"if","locations":[{"start":{"line":232,"column":6},"end":{"line":234,"column":7}},{"start":{},"end":{}}]},"16":{"loc":{"start":{"line":241,"column":21},"end":{"line":241,"column":77}},"type":"binary-expr","locations":[{"start":{"line":241,"column":21},"end":{"line":241,"column":61}},{"start":{"line":241,"column":65},"end":{"line":241,"column":77}}]},"17":{"loc":{"start":{"line":242,"column":20},"end":{"line":242,"column":72}},"type":"binary-expr","locations":[{"start":{"line":242,"column":20},"end":{"line":242,"column":60}},{"start":{"line":242,"column":64},"end":{"line":242,"column":72}}]},"18":{"loc":{"start":{"line":249,"column":21},"end":{"line":249,"column":77}},"type":"binary-expr","locations":[{"start":{"line":249,"column":21},"end":{"line":249,"column":61}},{"start":{"line":249,"column":65},"end":{"line":249,"column":77}}]},"19":{"loc":{"start":{"line":250,"column":20},"end":{"line":250,"column":72}},"type":"binary-expr","locations":[{"start":{"line":250,"column":20},"end":{"line":250,"column":60}},{"start":{"line":250,"column":64},"end":{"line":250,"column":72}}]},"20":{"loc":{"start":{"line":259,"column":6},"end":{"line":261,"column":7}},"type":"if","locations":[{"start":{"line":259,"column":6},"end":{"line":261,"column":7}},{"start":{},"end":{}}]},"21":{"loc":{"start":{"line":259,"column":10},"end":{"line":259,"column":25}},"type":"binary-expr","locations":[{"start":{"line":259,"column":10},"end":{"line":259,"column":15}},{"start":{"line":259,"column":19},"end":{"line":259,"column":25}}]},"22":{"loc":{"start":{"line":268,"column":6},"end":{"line":270,"column":7}},"type":"if","locations":[{"start":{"line":268,"column":6},"end":{"line":270,"column":7}},{"start":{},"end":{}}]},"23":{"loc":{"start":{"line":277,"column":20},"end":{"line":277,"column":75}},"type":"binary-expr","locations":[{"start":{"line":277,"column":20},"end":{"line":277,"column":63}},{"start":{"line":277,"column":67},"end":{"line":277,"column":75}}]},"24":{"loc":{"start":{"line":285,"column":20},"end":{"line":285,"column":75}},"type":"binary-expr","locations":[{"start":{"line":285,"column":20},"end":{"line":285,"column":63}},{"start":{"line":285,"column":67},"end":{"line":285,"column":75}}]},"25":{"loc":{"start":{"line":298,"column":8},"end":{"line":300,"column":9}},"type":"if","locations":[{"start":{"line":298,"column":8},"end":{"line":300,"column":9}},{"start":{},"end":{}}]},"26":{"loc":{"start":{"line":312,"column":8},"end":{"line":319,"column":9}},"type":"if","locations":[{"start":{"line":312,"column":8},"end":{"line":319,"column":9}},{"start":{},"end":{}}]},"27":{"loc":{"start":{"line":335,"column":6},"end":{"line":335,"column":63}},"type":"binary-expr","locations":[{"start":{"line":335,"column":6},"end":{"line":335,"column":41}},{"start":{"line":335,"column":45},"end":{"line":335,"column":63}}]},"28":{"loc":{"start":{"line":338,"column":6},"end":{"line":338,"column":69}},"type":"binary-expr","locations":[{"start":{"line":338,"column":6},"end":{"line":338,"column":37}},{"start":{"line":338,"column":41},"end":{"line":338,"column":69}}]},"29":{"loc":{"start":{"line":345,"column":21},"end":{"line":345,"column":69}},"type":"binary-expr","locations":[{"start":{"line":345,"column":21},"end":{"line":345,"column":56}},{"start":{"line":345,"column":60},"end":{"line":345,"column":69}}]},"30":{"loc":{"start":{"line":346,"column":21},"end":{"line":346,"column":67}},"type":"binary-expr","locations":[{"start":{"line":346,"column":21},"end":{"line":346,"column":55}},{"start":{"line":346,"column":59},"end":{"line":346,"column":67}}]},"31":{"loc":{"start":{"line":347,"column":21},"end":{"line":347,"column":67}},"type":"binary-expr","locations":[{"start":{"line":347,"column":21},"end":{"line":347,"column":53}},{"start":{"line":347,"column":57},"end":{"line":347,"column":67}}]},"32":{"loc":{"start":{"line":355,"column":6},"end":{"line":357,"column":7}},"type":"if","locations":[{"start":{"line":355,"column":6},"end":{"line":357,"column":7}},{"start":{},"end":{}}]},"33":{"loc":{"start":{"line":364,"column":6},"end":{"line":366,"column":7}},"type":"if","locations":[{"start":{"line":364,"column":6},"end":{"line":366,"column":7}},{"start":{},"end":{}}]},"34":{"loc":{"start":{"line":372,"column":18},"end":{"line":372,"column":66}},"type":"binary-expr","locations":[{"start":{"line":372,"column":18},"end":{"line":372,"column":54}},{"start":{"line":372,"column":58},"end":{"line":372,"column":66}}]},"35":{"loc":{"start":{"line":402,"column":6},"end":{"line":402,"column":63}},"type":"binary-expr","locations":[{"start":{"line":402,"column":6},"end":{"line":402,"column":41}},{"start":{"line":402,"column":45},"end":{"line":402,"column":63}}]},"36":{"loc":{"start":{"line":404,"column":20},"end":{"line":404,"column":63}},"type":"binary-expr","locations":[{"start":{"line":404,"column":20},"end":{"line":404,"column":51}},{"start":{"line":404,"column":55},"end":{"line":404,"column":63}}]},"37":{"loc":{"start":{"line":413,"column":6},"end":{"line":415,"column":7}},"type":"if","locations":[{"start":{"line":413,"column":6},"end":{"line":415,"column":7}},{"start":{},"end":{}}]},"38":{"loc":{"start":{"line":413,"column":10},"end":{"line":413,"column":43}},"type":"binary-expr","locations":[{"start":{"line":413,"column":10},"end":{"line":413,"column":18}},{"start":{"line":413,"column":22},"end":{"line":413,"column":33}},{"start":{"line":413,"column":37},"end":{"line":413,"column":43}}]},"39":{"loc":{"start":{"line":419,"column":29},"end":{"line":424,"column":14}},"type":"cond-expr","locations":[{"start":{"line":420,"column":10},"end":{"line":423,"column":12}},{"start":{"line":424,"column":10},"end":{"line":424,"column":14}}]},"40":{"loc":{"start":{"line":430,"column":24},"end":{"line":430,"column":50}},"type":"binary-expr","locations":[{"start":{"line":430,"column":24},"end":{"line":430,"column":42}},{"start":{"line":430,"column":46},"end":{"line":430,"column":50}}]},"41":{"loc":{"start":{"line":433,"column":12},"end":{"line":434,"column":66}},"type":"binary-expr","locations":[{"start":{"line":433,"column":12},"end":{"line":433,"column":52}},{"start":{"line":434,"column":12},"end":{"line":434,"column":66}}]},"42":{"loc":{"start":{"line":435,"column":20},"end":{"line":435,"column":69}},"type":"binary-expr","locations":[{"start":{"line":435,"column":20},"end":{"line":435,"column":57}},{"start":{"line":435,"column":61},"end":{"line":435,"column":69}}]},"43":{"loc":{"start":{"line":436,"column":20},"end":{"line":436,"column":69}},"type":"binary-expr","locations":[{"start":{"line":436,"column":20},"end":{"line":436,"column":57}},{"start":{"line":436,"column":61},"end":{"line":436,"column":69}}]},"44":{"loc":{"start":{"line":437,"column":18},"end":{"line":437,"column":66}},"type":"binary-expr","locations":[{"start":{"line":437,"column":18},"end":{"line":437,"column":53}},{"start":{"line":437,"column":57},"end":{"line":437,"column":66}}]},"45":{"loc":{"start":{"line":438,"column":18},"end":{"line":438,"column":63}},"type":"binary-expr","locations":[{"start":{"line":438,"column":18},"end":{"line":438,"column":53}},{"start":{"line":438,"column":57},"end":{"line":438,"column":63}}]},"46":{"loc":{"start":{"line":442,"column":24},"end":{"line":442,"column":50}},"type":"binary-expr","locations":[{"start":{"line":442,"column":24},"end":{"line":442,"column":42}},{"start":{"line":442,"column":46},"end":{"line":442,"column":50}}]},"47":{"loc":{"start":{"line":446,"column":12},"end":{"line":447,"column":66}},"type":"binary-expr","locations":[{"start":{"line":446,"column":12},"end":{"line":446,"column":52}},{"start":{"line":447,"column":12},"end":{"line":447,"column":66}}]},"48":{"loc":{"start":{"line":448,"column":20},"end":{"line":448,"column":69}},"type":"binary-expr","locations":[{"start":{"line":448,"column":20},"end":{"line":448,"column":57}},{"start":{"line":448,"column":61},"end":{"line":448,"column":69}}]},"49":{"loc":{"start":{"line":449,"column":20},"end":{"line":449,"column":69}},"type":"binary-expr","locations":[{"start":{"line":449,"column":20},"end":{"line":449,"column":57}},{"start":{"line":449,"column":61},"end":{"line":449,"column":69}}]},"50":{"loc":{"start":{"line":450,"column":18},"end":{"line":450,"column":66}},"type":"binary-expr","locations":[{"start":{"line":450,"column":18},"end":{"line":450,"column":53}},{"start":{"line":450,"column":57},"end":{"line":450,"column":66}}]},"51":{"loc":{"start":{"line":451,"column":18},"end":{"line":451,"column":63}},"type":"binary-expr","locations":[{"start":{"line":451,"column":18},"end":{"line":451,"column":53}},{"start":{"line":451,"column":57},"end":{"line":451,"column":63}}]},"52":{"loc":{"start":{"line":477,"column":6},"end":{"line":477,"column":63}},"type":"binary-expr","locations":[{"start":{"line":477,"column":6},"end":{"line":477,"column":41}},{"start":{"line":477,"column":45},"end":{"line":477,"column":63}}]},"53":{"loc":{"start":{"line":479,"column":23},"end":{"line":479,"column":73}},"type":"binary-expr","locations":[{"start":{"line":479,"column":23},"end":{"line":479,"column":57}},{"start":{"line":479,"column":61},"end":{"line":479,"column":73}}]},"54":{"loc":{"start":{"line":485,"column":6},"end":{"line":487,"column":7}},"type":"if","locations":[{"start":{"line":485,"column":6},"end":{"line":487,"column":7}},{"start":{},"end":{}}]},"55":{"loc":{"start":{"line":492,"column":6},"end":{"line":494,"column":7}},"type":"if","locations":[{"start":{"line":492,"column":6},"end":{"line":494,"column":7}},{"start":{},"end":{}}]},"56":{"loc":{"start":{"line":500,"column":23},"end":{"line":500,"column":77}},"type":"binary-expr","locations":[{"start":{"line":500,"column":23},"end":{"line":500,"column":63}},{"start":{"line":500,"column":67},"end":{"line":500,"column":77}}]},"57":{"loc":{"start":{"line":531,"column":24},"end":{"line":531,"column":70}},"type":"binary-expr","locations":[{"start":{"line":531,"column":24},"end":{"line":531,"column":48}},{"start":{"line":531,"column":52},"end":{"line":531,"column":70}}]},"58":{"loc":{"start":{"line":544,"column":8},"end":{"line":546,"column":25}},"type":"binary-expr","locations":[{"start":{"line":544,"column":8},"end":{"line":544,"column":38}},{"start":{"line":545,"column":8},"end":{"line":545,"column":31}},{"start":{"line":546,"column":8},"end":{"line":546,"column":25}}]},"59":{"loc":{"start":{"line":548,"column":8},"end":{"line":554,"column":10}},"type":"binary-expr","locations":[{"start":{"line":548,"column":8},"end":{"line":548,"column":31}},{"start":{"line":549,"column":8},"end":{"line":554,"column":10}}]},"60":{"loc":{"start":{"line":551,"column":29},"end":{"line":551,"column":79}},"type":"binary-expr","locations":[{"start":{"line":551,"column":29},"end":{"line":551,"column":66}},{"start":{"line":551,"column":70},"end":{"line":551,"column":79}}]},"61":{"loc":{"start":{"line":558,"column":6},"end":{"line":566,"column":7}},"type":"if","locations":[{"start":{"line":558,"column":6},"end":{"line":566,"column":7}},{"start":{},"end":{}}]},"62":{"loc":{"start":{"line":558,"column":10},"end":{"line":558,"column":39}},"type":"binary-expr","locations":[{"start":{"line":558,"column":10},"end":{"line":558,"column":22}},{"start":{"line":558,"column":26},"end":{"line":558,"column":39}}]},"63":{"loc":{"start":{"line":563,"column":20},"end":{"line":563,"column":64}},"type":"binary-expr","locations":[{"start":{"line":563,"column":20},"end":{"line":563,"column":48}},{"start":{"line":563,"column":52},"end":{"line":563,"column":64}}]},"64":{"loc":{"start":{"line":564,"column":20},"end":{"line":564,"column":68}},"type":"binary-expr","locations":[{"start":{"line":564,"column":20},"end":{"line":564,"column":56}},{"start":{"line":564,"column":60},"end":{"line":564,"column":68}}]},"65":{"loc":{"start":{"line":570,"column":6},"end":{"line":586,"column":7}},"type":"if","locations":[{"start":{"line":570,"column":6},"end":{"line":586,"column":7}},{"start":{},"end":{}}]},"66":{"loc":{"start":{"line":570,"column":10},"end":{"line":570,"column":45}},"type":"binary-expr","locations":[{"start":{"line":570,"column":10},"end":{"line":570,"column":25}},{"start":{"line":570,"column":29},"end":{"line":570,"column":45}}]},"67":{"loc":{"start":{"line":571,"column":36},"end":{"line":577,"column":10}},"type":"binary-expr","locations":[{"start":{"line":571,"column":36},"end":{"line":571,"column":76}},{"start":{"line":571,"column":80},"end":{"line":577,"column":10}}]},"68":{"loc":{"start":{"line":575,"column":20},"end":{"line":575,"column":71}},"type":"binary-expr","locations":[{"start":{"line":575,"column":20},"end":{"line":575,"column":59}},{"start":{"line":575,"column":63},"end":{"line":575,"column":71}}]},"69":{"loc":{"start":{"line":581,"column":8},"end":{"line":583,"column":9}},"type":"if","locations":[{"start":{"line":581,"column":8},"end":{"line":583,"column":9}},{"start":{},"end":{}}]},"70":{"loc":{"start":{"line":632,"column":19},"end":{"line":632,"column":65}},"type":"binary-expr","locations":[{"start":{"line":632,"column":19},"end":{"line":632,"column":43}},{"start":{"line":632,"column":47},"end":{"line":632,"column":65}}]},"71":{"loc":{"start":{"line":633,"column":15},"end":{"line":633,"column":67}},"type":"binary-expr","locations":[{"start":{"line":633,"column":15},"end":{"line":633,"column":35}},{"start":{"line":633,"column":39},"end":{"line":633,"column":67}}]},"72":{"loc":{"start":{"line":635,"column":8},"end":{"line":635,"column":57}},"type":"binary-expr","locations":[{"start":{"line":635,"column":8},"end":{"line":635,"column":44}},{"start":{"line":635,"column":48},"end":{"line":635,"column":57}}]},"73":{"loc":{"start":{"line":636,"column":18},"end":{"line":636,"column":69}},"type":"binary-expr","locations":[{"start":{"line":636,"column":18},"end":{"line":636,"column":53}},{"start":{"line":636,"column":57},"end":{"line":636,"column":69}}]},"74":{"loc":{"start":{"line":637,"column":18},"end":{"line":637,"column":81}},"type":"binary-expr","locations":[{"start":{"line":637,"column":18},"end":{"line":637,"column":53}},{"start":{"line":637,"column":57},"end":{"line":637,"column":81}}]},"75":{"loc":{"start":{"line":640,"column":16},"end":{"line":640,"column":54}},"type":"binary-expr","locations":[{"start":{"line":640,"column":16},"end":{"line":640,"column":42}},{"start":{"line":640,"column":46},"end":{"line":640,"column":54}}]},"76":{"loc":{"start":{"line":668,"column":19},"end":{"line":668,"column":65}},"type":"binary-expr","locations":[{"start":{"line":668,"column":19},"end":{"line":668,"column":43}},{"start":{"line":668,"column":47},"end":{"line":668,"column":65}}]},"77":{"loc":{"start":{"line":669,"column":15},"end":{"line":669,"column":51}},"type":"binary-expr","locations":[{"start":{"line":669,"column":15},"end":{"line":669,"column":35}},{"start":{"line":669,"column":39},"end":{"line":669,"column":51}}]},"78":{"loc":{"start":{"line":707,"column":19},"end":{"line":707,"column":65}},"type":"binary-expr","locations":[{"start":{"line":707,"column":19},"end":{"line":707,"column":43}},{"start":{"line":707,"column":47},"end":{"line":707,"column":65}}]},"79":{"loc":{"start":{"line":708,"column":18},"end":{"line":708,"column":57}},"type":"binary-expr","locations":[{"start":{"line":708,"column":18},"end":{"line":708,"column"
[...]
,"D:\\Measurement\\backend\\src\\metrics\\dto\\metrics-summary.dto.ts": {"path":"D:\\Measurement\\backend\\src\\metrics\\dto\\metrics-summary.dto.ts","statementMap":{"0":{"start":{"line":6,"column":0},"end":{"line":6,"column":13}}},"fnMap":{},"branchMap":{},"s":{"0":0},"f":{},"b":{}}
,"D:\\Measurement\\backend\\src\\prisma\\prisma.module.ts": {"path":"D:\\Measurement\\backend\\src\\prisma\\prisma.module.ts","statementMap":{"0":{"start":{"line":1,"column":0},"end":{"line":1,"column":48}},"1":{"start":{"line":2,"column":0},"end":{"line":2,"column":49}},"2":{"start":{"line":9,"column":7},"end":{"line":9,"column":null}},"3":{"start":{"line":9,"column":13},"end":{"line":9,"column":25}},"4":{"start":{"line":9,"column":13},"end":{"line":9,"column":null}}},"fnMap":{},"branchMap":{},"s":{"0":0,"1":0,"2":0,"3":0,"4":0},"f":{},"b":{}}
,"D:\\Measurement\\backend\\src\\prisma\\prisma.service.ts": {"path":"D:\\Measurement\\backend\\src\\prisma\\prisma.service.ts","statementMap":{"0":{"start":{"line":1,"column":0},"end":{"line":1,"column":23}},"1":{"start":{"line":2,"column":0},"end":{"line":2,"column":58}},"2":{"start":{"line":3,"column":0},"end":{"line":3,"column":46}},"3":{"start":{"line":4,"column":0},"end":{"line":4,"column":46}},"4":{"start":{"line":7,"column":7},"end":{"line":23,"column":null}},"5":{"start":{"line":9,"column":29},"end":{"line":9,"column":53}},"6":{"start":{"line":11,"column":4},"end":{"line":13,"column":5}},"7":{"start":{"line":12,"column":6},"end":{"line":12,"column":73}},"8":{"start":{"line":15,"column":4},"end":{"line":17,"column":7}},"9":{"start":{"line":21,"column":4},"end":{"line":21,"column":26}},"10":{"start":{"line":7,"column":13},"end":{"line":7,"column":26}},"11":{"start":{"line":7,"column":13},"end":{"line":23,"column":null}}},"fnMap":{"0":{"name":"(anonymous_2)","decl":{"start":{"line":8,"column":2},"end":{"line":8,"column":null}},"loc":{"start":{"line":8,"column":2},"end":{"line":18,"column":3}}},"1":{"name":"(anonymous_3)","decl":{"start":{"line":20,"column":2},"end":{"line":20,"column":7}},"loc":{"start":{"line":20,"column":20},"end":{"line":22,"column":3}}}},"branchMap":{"0":{"loc":{"start":{"line":11,"column":4},"end":{"line":13,"column":5}},"type":"if","locations":[{"start":{"line":11,"column":4},"end":{"line":13,"column":5}},{"start":{},"end":{}}]}},"s":{"0":0,"1":0,"2":0,"3":0,"4":0,"5":0,"6":0,"7":0,"8":0,"9":0,"10":0,"11":0},"f":{"0":0,"1":0},"b":{"0":[0,0]}}
,"D:\\Measurement\\backend\\src\\reporting\\reporting.controller.ts": {"path":"D:\\Measurement\\backend\\src\\reporting\\reporting.controller.ts","statementMap":{"0":{"start":{"line":1,"column":0},"end":{"line":1,"column":49}},"1":{"start":{"line":2,"column":0},"end":{"line":2,"column":55}},"2":{"start":{"line":5,"column":7},"end":{"line":22,"column":null}},"3":{"start":{"line":6,"column":31},"end":{"line":6,"column":49}},"4":{"start":{"line":10,"column":4},"end":{"line":10,"column":57}},"5":{"start":{"line":15,"column":4},"end":{"line":15,"column":53}},"6":{"start":{"line":20,"column":4},"end":{"line":20,"column":51}},"7":{"start":{"line":5,"column":13},"end":{"line":5,"column":32}},"8":{"start":{"line":9,"column":2},"end":{"line":11,"column":null}},"9":{"start":{"line":14,"column":2},"end":{"line":16,"column":null}},"10":{"start":{"line":19,"column":2},"end":{"line":21,"column":null}},"11":{"start":{"line":5,"column":13},"end":{"line":22,"column":null}}},"fnMap":{"0":{"name":"(anonymous_2)","decl":{"start":{"line":6,"column":2},"end":{"line":6,"column":31}},"loc":{"start":{"line":6,"column":65},"end":{"line":6,"column":69}}},"1":{"name":"(anonymous_3)","decl":{"start":{"line":9,"column":2},"end":{"line":9,"column":23}},"loc":{"start":{"line":9,"column":23},"end":{"line":11,"column":3}}},"2":{"name":"(anonymous_4)","decl":{"start":{"line":14,"column":2},"end":{"line":14,"column":19}},"loc":{"start":{"line":14,"column":19},"end":{"line":16,"column":3}}},"3":{"name":"(anonymous_5)","decl":{"start":{"line":19,"column":2},"end":{"line":19,"column":17}},"loc":{"start":{"line":19,"column":17},"end":{"line":21,"column":3}}}},"branchMap":{"0":{"loc":{"start":{"line":6,"column":49},"end":{"line":6,"column":68}},"type":"cond-expr","locations":[{"start":{"line":6,"column":65},"end":{"line":6,"column":68}},{"start":{"line":6,"column":65},"end":{"line":6,"column":68}}]},"1":{"loc":{"start":{"line":6,"column":49},"end":{"line":6,"column":65}},"type":"binary-expr","locations":[{"start":{"line":6,"column":49},"end":{"line":6,"column":68}},{"start":{"line":6,"column":49},"end":{"line":6,"column":65}}]}},"s":{"0":0,"1":0,"2":0,"3":0,"4":0,"5":0,"6":0,"7":0,"8":0,"9":0,"10":0,"11":0},"f":{"0":0,"1":0,"2":0,"3":0},"b":{"0":[0,0],"1":[0,0]}}
,"D:\\Measurement\\backend\\src\\reporting\\reporting.module.ts": {"path":"D:\\Measurement\\backend\\src\\reporting\\reporting.module.ts","statementMap":{"0":{"start":{"line":1,"column":0},"end":{"line":1,"column":40}},"1":{"start":{"line":2,"column":0},"end":{"line":2,"column":58}},"2":{"start":{"line":3,"column":0},"end":{"line":3,"column":55}},"3":{"start":{"line":4,"column":0},"end":{"line":4,"column":61}},"4":{"start":{"line":5,"column":0},"end":{"line":5,"column":55}},"5":{"start":{"line":12,"column":7},"end":{"line":12,"column":null}},"6":{"start":{"line":12,"column":13},"end":{"line":12,"column":28}},"7":{"start":{"line":12,"column":13},"end":{"line":12,"column":null}}},"fnMap":{},"branchMap":{},"s":{"0":0,"1":0,"2":0,"3":0,"4":0,"5":0,"6":0,"7":0},"f":{},"b":{}}
,"D:\\Measurement\\backend\\src\\reporting\\reporting.service.ts": {"path":"D:\\Measurement\\backend\\src\\reporting\\reporting.service.ts","statementMap":{"0":{"start":{"line":1,"column":0},"end":{"line":1,"column":44}},"1":{"start":{"line":2,"column":0},"end":{"line":2,"column":60}},"2":{"start":{"line":3,"column":0},"end":{"line":3,"column":57}},"3":{"start":{"line":6,"column":7},"end":{"line":92,"column":null}},"4":{"start":{"line":8,"column":21},"end":{"line":8,"column":37}},"5":{"start":{"line":9,"column":21},"end":{"line":9,"column":36}},"6":{"start":{"line":13,"column":21},"end":{"line":13,"column":69}},"7":{"start":{"line":14,"column":19},"end":{"line":20,"column":6}},"8":{"start":{"line":22,"column":4},"end":{"line":25,"column":6}},"9":{"start":{"line":26,"column":4},"end":{"line":26,"column":18}},"10":{"start":{"line":30,"column":21},"end":{"line":30,"column":69}},"11":{"start":{"line":31,"column":17},"end":{"line":43,"column":6}},"12":{"start":{"line":45,"column":16},"end":{"line":45,"column":59}},"13":{"start":{"line":45,"column":34},"end":{"line":45,"column":47}},"14":{"start":{"line":46,"column":4},"end":{"line":49,"column":6}},"15":{"start":{"line":51,"column":4},"end":{"line":55,"column":6}},"16":{"start":{"line":59,"column":19},"end":{"line":59,"column":53}},"17":{"start":{"line":60,"column":20},"end":{"line":79,"column":16}},"18":{"start":{"line":74,"column":10},"end":{"line":74,"column":77}},"19":{"start":{"line":78,"column":46},"end":{"line":78,"column":57}},"20":{"start":{"line":81,"column":4},"end":{"line":84,"column":6}},"21":{"start":{"line":85,"column":4},"end":{"line":90,"column":6}},"22":{"start":{"line":6,"column":13},"end":{"line":6,"column":29}},"23":{"start":{"line":6,"column":13},"end":{"line":92,"column":null}}},"fnMap":{"0":{"name":"(anonymous_2)","decl":{"start":{"line":7,"column":2},"end":{"line":7,"column":null}},"loc":{"start":{"line":9,"column":49},"end":{"line":10,"column":6}}},"1":{"name":"(anonymous_3)","decl":{"start":{"line":12,"column":2},"end":{"line":12,"column":7}},"loc":{"start":{"line":12,"column":29},"end":{"line":27,"column":3}}},"2":{"name":"(anonymous_4)","decl":{"start":{"line":29,"column":2},"end":{"line":29,"column":7}},"loc":{"start":{"line":29,"column":25},"end":{"line":56,"column":3}}},"3":{"name":"(anonymous_5)","decl":{"start":{"line":45,"column":25},"end":{"line":45,"column":26}},"loc":{"start":{"line":45,"column":34},"end":{"line":45,"column":47}}},"4":{"name":"(anonymous_6)","decl":{"start":{"line":58,"column":2},"end":{"line":58,"column":7}},"loc":{"start":{"line":58,"column":23},"end":{"line":91,"column":3}}},"5":{"name":"(anonymous_7)","decl":{"start":{"line":73,"column":8},"end":{"line":73,"column":9}},"loc":{"start":{"line":74,"column":10},"end":{"line":74,"column":77}}},"6":{"name":"(anonymous_8)","decl":{"start":{"line":78,"column":36},"end":{"line":78,"column":37}},"loc":{"start":{"line":78,"column":46},"end":{"line":78,"column":57}}}},"branchMap":{"0":{"loc":{"start":{"line":8,"column":37},"end":{"line":8,"column":null}},"type":"cond-expr","locations":[{"start":{"line":8,"column":51},"end":{"line":8,"column":null}},{"start":{"line":8,"column":51},"end":{"line":8,"column":null}}]},"1":{"loc":{"start":{"line":8,"column":37},"end":{"line":8,"column":51}},"type":"binary-expr","locations":[{"start":{"line":8,"column":37},"end":{"line":8,"column":null}},{"start":{"line":8,"column":37},"end":{"line":8,"column":51}}]},"2":{"loc":{"start":{"line":8,"column":51},"end":{"line":9,"column":null}},"type":"cond-expr","locations":[{"start":{"line":9,"column":49},"end":{"line":9,"column":null}},{"start":{"line":9,"column":49},"end":{"line":9,"column":null}}]},"3":{"loc":{"start":{"line":8,"column":51},"end":{"line":9,"column":49}},"type":"binary-expr","locations":[{"start":{"line":8,"column":51},"end":{"line":9,"column":null}},{"start":{"line":9,"column":36},"end":{"line":9,"column":49}}]}},"s":{"0":0,"1":0,"2":0,"3":0,"4":0,"5":0,"6":0,"7":0,"8":0,"9":0,"10":0,"11":0,"12":0,"13":0,"14":0,"15":0,"16":0,"17":0,"18":0,"19":0,"20":0,"21":0,"22":0,"23":0},"f":{"0":0,"1":0,"2":0,"3":0,"4":0,"5":0,"6":0},"b":{"0":[0,0],"1":[0,0],"2":[0,0],"3":[0,0]}}
,"D:\\Measurement\\backend\\src\\system\\system.controller.ts": {"path":"D:\\Measurement\\backend\\src\\system\\system.controller.ts","statementMap":{"0":{"start":{"line":1,"column":0},"end":{"line":1,"column":61}},"1":{"start":{"line":2,"column":0},"end":{"line":2,"column":49}},"2":{"start":{"line":5,"column":7},"end":{"line":29,"column":null}},"3":{"start":{"line":6,"column":31},"end":{"line":6,"column":46}},"4":{"start":{"line":10,"column":4},"end":{"line":10,"column":42}},"5":{"start":{"line":17,"column":4},"end":{"line":17,"column":45}},"6":{"start":{"line":22,"column":4},"end":{"line":22,"column":44}},"7":{"start":{"line":27,"column":4},"end":{"line":27,"column":44}},"8":{"start":{"line":5,"column":13},"end":{"line":5,"column":29}},"9":{"start":{"line":9,"column":2},"end":{"line":11,"column":null}},"10":{"start":{"line":14,"column":2},"end":{"line":18,"column":null}},"11":{"start":{"line":21,"column":2},"end":{"line":23,"column":null}},"12":{"start":{"line":26,"column":2},"end":{"line":28,"column":null}},"13":{"start":{"line":5,"column":13},"end":{"line":29,"column":null}}},"fnMap":{"0":{"name":"(anonymous_4)","decl":{"start":{"line":6,"column":2},"end":{"line":6,"column":31}},"loc":{"start":{"line":6,"column":59},"end":{"line":6,"column":63}}},"1":{"name":"(anonymous_5)","decl":{"start":{"line":9,"column":2},"end":{"line":9,"column":7}},"loc":{"start":{"line":9,"column":62},"end":{"line":11,"column":3}}},"2":{"name":"(anonymous_6)","decl":{"start":{"line":14,"column":2},"end":{"line":14,"column":10}},"loc":{"start":{"line":15,"column":73},"end":{"line":18,"column":3}}},"3":{"name":"(anonymous_7)","decl":{"start":{"line":21,"column":2},"end":{"line":21,"column":13}},"loc":{"start":{"line":21,"column":13},"end":{"line":23,"column":3}}},"4":{"name":"(anonymous_8)","decl":{"start":{"line":26,"column":2},"end":{"line":26,"column":13}},"loc":{"start":{"line":26,"column":13},"end":{"line":28,"column":3}}}},"branchMap":{"0":{"loc":{"start":{"line":6,"column":46},"end":{"line":6,"column":62}},"type":"cond-expr","locations":[{"start":{"line":6,"column":59},"end":{"line":6,"column":62}},{"start":{"line":6,"column":59},"end":{"line":6,"column":62}}]},"1":{"loc":{"start":{"line":6,"column":46},"end":{"line":6,"column":59}},"type":"binary-expr","locations":[{"start":{"line":6,"column":46},"end":{"line":6,"column":62}},{"start":{"line":6,"column":46},"end":{"line":6,"column":59}}]}},"s":{"0":0,"1":0,"2":0,"3":0,"4":0,"5":0,"6":0,"7":0,"8":0,"9":0,"10":0,"11":0,"12":0,"13":0},"f":{"0":0,"1":0,"2":0,"3":0,"4":0},"b":{"0":[0,0],"1":[0,0]}}
,"D:\\Measurement\\backend\\src\\system\\system.module.ts": {"path":"D:\\Measurement\\backend\\src\\system\\system.module.ts","statementMap":{"0":{"start":{"line":1,"column":0},"end":{"line":1,"column":40}},"1":{"start":{"line":2,"column":0},"end":{"line":2,"column":55}},"2":{"start":{"line":3,"column":0},"end":{"line":3,"column":49}},"3":{"start":{"line":10,"column":7},"end":{"line":10,"column":null}},"4":{"start":{"line":10,"column":13},"end":{"line":10,"column":25}},"5":{"start":{"line":10,"column":13},"end":{"line":10,"column":null}}},"fnMap":{},"branchMap":{},"s":{"0":0,"1":0,"2":0,"3":0,"4":0,"5":0},"f":{},"b":{}}
,"D:\\Measurement\\backend\\src\\system\\system.service.ts": {"path":"D:\\Measurement\\backend\\src\\system\\system.service.ts","statementMap":{"0":{"start":{"line":1,"column":0},"end":{"line":1,"column":44}},"1":{"start":{"line":2,"column":0},"end":{"line":2,"column":41}},"2":{"start":{"line":3,"column":0},"end":{"line":3,"column":57}},"3":{"start":{"line":6,"column":7},"end":{"line":163,"column":null}},"4":{"start":{"line":7,"column":31},"end":{"line":7,"column":39}},"5":{"start":{"line":10,"column":4},"end":{"line":10,"column":36}},"6":{"start":{"line":12,"column":21},"end":{"line":12,"column":45}},"7":{"start":{"line":13,"column":21},"end":{"line":13,"column":45}},"8":{"start":{"line":14,"column":4},"end":{"line":19,"column":5}},"9":{"start":{"line":15,"column":6},"end":{"line":18,"column":8}},"10":{"start":{"line":21,"column":17},"end":{"line":30,"column":6}},"11":{"start":{"line":32,"column":4},"end":{"line":38,"column":5}},"12":{"start":{"line":33,"column":6},"end":{"line":33,"column":72}},"13":{"start":{"line":34,"column":6},"end":{"line":37,"column":8}},"14":{"start":{"line":40,"column":4},"end":{"line":40,"column":73}},"15":{"start":{"line":41,"column":4},"end":{"line":49,"column":6}},"16":{"start":{"line":57,"column":4},"end":{"line":57,"column":36}},"17":{"start":{"line":59,"column":21},"end":{"line":59,"column":45}},"18":{"start":{"line":60,"column":21},"end":{"line":60,"column":45}},"19":{"start":{"line":62,"column":4},"end":{"line":67,"column":5}},"20":{"start":{"line":63,"column":6},"end":{"line":66,"column":8}},"21":{"start":{"line":69,"column":19},"end":{"line":72,"column":6}},"22":{"start":{"line":74,"column":4},"end":{"line":79,"column":5}},"23":{"start":{"line":75,"column":6},"end":{"line":78,"column":8}},"24":{"start":{"line":81,"column":17},"end":{"line":93,"column":6}},"25":{"start":{"line":95,"column":4},"end":{"line":95,"column":77}},"26":{"start":{"line":97,"column":4},"end":{"line":105,"column":6}},"27":{"start":{"line":109,"column":4},"end":{"line":109,"column":36}},"28":{"start":{"line":110,"column":4},"end":{"line":118,"column":7}},"29":{"start":{"line":122,"column":4},"end":{"line":131,"column":7}},"30":{"start":{"line":135,"column":4},"end":{"line":140,"column":7}},"31":{"start":{"line":144,"column":4},"end":{"line":144,"column":63}},"32":{"start":{"line":148,"column":18},"end":{"line":148,"column":49}},"33":{"start":{"line":149,"column":4},"end":{"line":151,"column":5}},"34":{"start":{"line":150,"column":6},"end":{"line":150,"column":13}},"35":{"start":{"line":153,"column":4},"end":{"line":159,"column":7}},"36":{"start":{"line":161,"column":4},"end":{"line":161,"column":72}},"37":{"start":{"line":6,"column":13},"end":{"line":6,"column":26}},"38":{"start":{"line":6,"column":13},"end":{"line":163,"column":null}}},"fnMap":{"0":{"name":"(anonymous_2)","decl":{"start":{"line":7,"column":2},"end":{"line":7,"column":31}},"loc":{"start":{"line":7,"column":52},"end":{"line":7,"column":56}}},"1":{"name":"(anonymous_3)","decl":{"start":{"line":9,"column":2},"end":{"line":9,"column":7}},"loc":{"start":{"line":9,"column":63},"end":{"line":50,"column":3}}},"2":{"name":"(anonymous_4)","decl":{"start":{"line":52,"column":2},"end":{"line":52,"column":7}},"loc":{"start":{"line":56,"column":3},"end":{"line":106,"column":3}}},"3":{"name":"(anonymous_5)","decl":{"start":{"line":108,"column":2},"end":{"line":108,"column":7}},"loc":{"start":{"line":108,"column":19},"end":{"line":119,"column":3}}},"4":{"name":"(anonymous_6)","decl":{"start":{"line":121,"column":2},"end":{"line":121,"column":7}},"loc":{"start":{"line":121,"column":19},"end":{"line":132,"column":3}}},"5":{"name":"(anonymous_7)","decl":{"start":{"line":134,"column":2},"end":{"line":134,"column":7}},"loc":{"start":{"line":134,"column":52},"end":{"line":141,"column":3}}},"6":{"name":"(anonymous_8)","decl":{"start":{"line":143,"column":10},"end":{"line":143,"column":22}},"loc":{"start":{"line":143,"column":39},"end":{"line":145,"column":3}}},"7":{"name":"(anonymous_9)","decl":{"start":{"line":147,"column":10},"end":{"line":147,"column":15}},"loc":{"start":{"line":147,"column":34},"end":{"line":162,"column":3}}}},"branchMap":{"0":{"loc":{"start":{"line":14,"column":4},"end":{"line":19,"column":5}},"type":"if","locations":[{"start":{"line":14,"column":4},"end":{"line":19,"column":5}},{"start":{},"end":{}}]},"1":{"loc":{"start":{"line":14,"column":8},"end":{"line":14,"column":30}},"type":"binary-expr","locations":[{"start":{"line":14,"column":8},"end":{"line":14,"column":17}},{"start":{"line":14,"column":21},"end":{"line":14,"column":30}}]},"2":{"loc":{"start":{"line":32,"column":4},"end":{"line":38,"column":5}},"type":"if","locations":[{"start":{"line":32,"column":4},"end":{"line":38,"column":5}},{"start":{},"end":{}}]},"3":{"loc":{"start":{"line":32,"column":8},"end":{"line":32,"column":67}},"type":"binary-expr","locations":[{"start":{"line":32,"column":8},"end":{"line":32,"column":13}},{"start":{"line":32,"column":17},"end":{"line":32,"column":67}}]},"4":{"loc":{"start":{"line":62,"column":4},"end":{"line":67,"column":5}},"type":"if","locations":[{"start":{"line":62,"column":4},"end":{"line":67,"column":5}},{"start":{},"end":{}}]},"5":{"loc":{"start":{"line":62,"column":8},"end":{"line":62,"column":30}},"type":"binary-expr","locations":[{"start":{"line":62,"column":8},"end":{"line":62,"column":17}},{"start":{"line":62,"column":21},"end":{"line":62,"column":30}}]},"6":{"loc":{"start":{"line":74,"column":4},"end":{"line":79,"column":5}},"type":"if","locations":[{"start":{"line":74,"column":4},"end":{"line":79,"column":5}},{"start":{},"end":{}}]},"7":{"loc":{"start":{"line":85,"column":14},"end":{"line":85,"column":46}},"type":"binary-expr","locations":[{"start":{"line":85,"column":14},"end":{"line":85,"column":34}},{"start":{"line":85,"column":38},"end":{"line":85,"column":46}}]},"8":{"loc":{"start":{"line":149,"column":4},"end":{"line":151,"column":5}},"type":"if","locations":[{"start":{"line":149,"column":4},"end":{"line":151,"column":5}},{"start":{},"end":{}}]},"9":{"loc":{"start":{"line":7,"column":39},"end":{"line":7,"column":55}},"type":"cond-expr","locations":[{"start":{"line":7,"column":52},"end":{"line":7,"column":55}},{"start":{"line":7,"column":52},"end":{"line":7,"column":55}}]},"10":{"loc":{"start":{"line":7,"column":39},"end":{"line":7,"column":52}},"type":"binary-expr","locations":[{"start":{"line":7,"column":39},"end":{"line":7,"column":55}},{"start":{"line":7,"column":39},"end":{"line":7,"column":52}}]}},"s":{"0":0,"1":0,"2":0,"3":0,"4":0,"5":0,"6":0,"7":0,"8":0,"9":0,"10":0,"11":0,"12":0,"13":0,"14":0,"15":0,"16":0,"17":0,"18":0,"19":0,"20":0,"21":0,"22":0,"23":0,"24":0,"25":0,"26":0,"27":0,"28":0,"29":0,"30":0,"31":0,"32":0,"33":0,"34":0,"35":0,"36":0,"37":0,"38":0},"f":{"0":0,"1":0,"2":0,"3":0,"4":0,"5":0,"6":0,"7":0},"b":{"0":[0,0],"1":[0,0],"2":[0,0],"3":[0,0],"4":[0,0],"5":[0,0],"6":[0,0],"7":[0,0],"8":[0,0],"9":[0,0],"10":[0,0]}}
}
