TN:
SF:backend\src\app.controller.ts
FN:7,(anonymous_4)
FN:10,(anonymous_5)
FNF:2
FNH:2
FNDA:1,(anonymous_4)
FNDA:1,(anonymous_5)
DA:1,1
DA:3,1
DA:6,1
DA:7,1
DA:10,1
DA:11,1
LF:6
LH:6
BRDA:7,0,0,1
BRDA:7,0,1,0
BRDA:7,1,0,1
BRDA:7,1,1,1
BRF:4
BRH:3
end_of_record
TN:
SF:backend\src\app.module.ts
FNF:0
FNH:0
DA:1,0
DA:2,0
DA:3,0
DA:4,0
DA:5,0
DA:6,0
DA:7,0
DA:8,0
DA:9,0
DA:10,0
DA:28,0
LF:11
LH:0
BRF:0
BRH:0
end_of_record
TN:
SF:backend\src\app.service.ts
FN:6,(anonymous_1)
FNF:1
FNH:1
FNDA:1,(anonymous_1)
DA:1,1
DA:2,1
DA:5,1
DA:7,1
LF:4
LH:4
BRF:0
BRH:0
end_of_record
TN:
SF:backend\src\main.ts
FN:8,bootstrap
FNF:1
FNH:0
FNDA:0,bootstrap
DA:1,0
DA:2,0
DA:3,0
DA:5,0
DA:6,0
DA:9,0
DA:10,0
DA:11,0
DA:14,0
DA:15,0
DA:17,0
LF:11
LH:0
BRF:0
BRH:0
end_of_record
TN:
SF:backend\src\analysis\analysis.controller.ts
FN:15,(anonymous_4)
FN:18,(anonymous_5)
FN:24,(anonymous_6)
FN:41,(anonymous_7)
FN:46,(anonymous_8)
FN:51,(anonymous_9)
FN:56,(anonymous_10)
FNF:7
FNH:0
FNDA:0,(anonymous_4)
FNDA:0,(anonymous_5)
FNDA:0,(anonymous_6)
FNDA:0,(anonymous_7)
FNDA:0,(anonymous_8)
FNDA:0,(anonymous_9)
FNDA:0,(anonymous_10)
DA:1,0
DA:9,0
DA:10,0
DA:11,0
DA:14,0
DA:15,0
DA:18,0
DA:19,0
DA:24,0
DA:33,0
DA:34,0
DA:37,0
DA:41,0
DA:42,0
DA:46,0
DA:47,0
DA:51,0
DA:52,0
DA:56,0
DA:57,0
LF:20
LH:0
BRDA:33,0,0,0
BRDA:33,0,1,0
BRDA:15,1,0,0
BRDA:15,1,1,0
BRDA:15,2,0,0
BRDA:15,2,1,0
BRF:6
BRH:0
end_of_record
TN:
SF:backend\src\analysis\analysis.module.ts
FNF:0
FNH:0
DA:1,0
DA:2,0
DA:3,0
DA:4,0
DA:12,0
LF:5
LH:0
BRF:0
BRH:0
end_of_record
TN:
SF:backend\src\analysis\analysis.service.ts
FN:27,(anonymous_2)
FN:32,(anonymous_3)
FN:68,(anonymous_4)
FN:72,(anonymous_5)
FN:77,(anonymous_6)
FN:87,(anonymous_7)
FN:90,(anonymous_8)
FN:97,(anonymous_9)
FN:100,(anonymous_10)
FN:102,(anonymous_11)
FN:110,(anonymous_12)
FN:113,(anonymous_13)
FN:119,(anonymous_14)
FN:122,(anonymous_15)
FN:146,(anonymous_16)
FN:147,(anonymous_17)
FN:295,(anonymous_18)
FN:304,(anonymous_19)
FN:360,(anonymous_20)
FN:362,(anonymous_21)
FN:363,(anonymous_22)
FN:365,(anonymous_23)
FN:375,(anonymous_24)
FN:385,(anonymous_25)
FN:388,(anonymous_26)
FN:394,(anonymous_27)
FN:464,(anonymous_28)
FN:468,(anonymous_29)
FN:481,(anonymous_30)
FNF:29
FNH:0
FNDA:0,(anonymous_2)
FNDA:0,(anonymous_3)
FNDA:0,(anonymous_4)
FNDA:0,(anonymous_5)
FNDA:0,(anonymous_6)
FNDA:0,(anonymous_7)
FNDA:0,(anonymous_8)
FNDA:0,(anonymous_9)
FNDA:0,(anonymous_10)
FNDA:0,(anonymous_11)
FNDA:0,(anonymous_12)
FNDA:0,(anonymous_13)
FNDA:0,(anonymous_14)
FNDA:0,(anonymous_15)
FNDA:0,(anonymous_16)
FNDA:0,(anonymous_17)
FNDA:0,(anonymous_18)
FNDA:0,(anonymous_19)
FNDA:0,(anonymous_20)
FNDA:0,(anonymous_21)
FNDA:0,(anonymous_22)
FNDA:0,(anonymous_23)
FNDA:0,(anonymous_24)
FNDA:0,(anonymous_25)
FNDA:0,(anonymous_26)
FNDA:0,(anonymous_27)
FNDA:0,(anonymous_28)
FNDA:0,(anonymous_29)
FNDA:0,(anonymous_30)
DA:1,0
DA:2,0
DA:3,0
DA:26,0
DA:28,0
DA:29,0
DA:33,0
DA:34,0
DA:36,0
DA:37,0
DA:38,0
DA:48,0
DA:57,0
DA:61,0
DA:69,0
DA:70,0
DA:73,0
DA:77,0
DA:88,0
DA:89,0
DA:90,0
DA:97,0
DA:101,0
DA:102,0
DA:111,0
DA:112,0
DA:113,0
DA:119,0
DA:123,0
DA:124,0
DA:126,0
DA:127,0
DA:143,0
DA:144,0
DA:146,0
DA:147,0
DA:148,0
DA:150,0
DA:151,0
DA:152,0
DA:153,0
DA:155,0
DA:229,0
DA:230,0
DA:231,0
DA:234,0
DA:235,0
DA:236,0
DA:237,0
DA:240,0
DA:241,0
DA:242,0
DA:243,0
DA:248,0
DA:249,0
DA:250,0
DA:251,0
DA:256,0
DA:257,0
DA:260,0
DA:265,0
DA:267,0
DA:269,0
DA:276,0
DA:281,0
DA:296,0
DA:297,0
DA:307,0
DA:360,0
DA:361,0
DA:362,0
DA:363,0
DA:364,0
DA:365,0
DA:367,0
DA:369,0
DA:375,0
DA:385,0
DA:388,0
DA:395,0
DA:397,0
DA:398,0
DA:400,0
DA:404,0
DA:406,0
DA:407,0
DA:409,0
DA:410,0
DA:412,0
DA:413,0
DA:414,0
DA:417,0
DA:419,0
DA:424,0
DA:425,0
DA:426,0
DA:430,0
DA:431,0
DA:435,0
DA:436,0
DA:440,0
DA:441,0
DA:445,0
DA:446,0
DA:450,0
DA:451,0
DA:456,0
DA:465,0
DA:474,0
DA:475,0
DA:478,0
DA:482,0
LF:112
LH:0
BRDA:59,0,0,0
BRDA:59,0,1,0
BRDA:73,1,0,0
BRDA:73,1,1,0
BRDA:73,1,2,0
BRDA:126,2,0,0
BRDA:126,2,1,0
BRDA:159,3,0,0
BRDA:159,3,1,0
BRDA:159,3,2,0
BRDA:159,3,3,0
BRDA:171,4,0,0
BRDA:171,4,1,0
BRDA:171,4,2,0
BRDA:171,4,3,0
BRDA:183,5,0,0
BRDA:183,5,1,0
BRDA:183,5,2,0
BRDA:194,6,0,0
BRDA:194,6,1,0
BRDA:194,6,2,0
BRDA:194,6,3,0
BRDA:206,7,0,0
BRDA:206,7,1,0
BRDA:206,7,2,0
BRDA:206,7,3,0
BRDA:218,8,0,0
BRDA:218,8,1,0
BRDA:218,8,2,0
BRDA:218,8,3,0
BRDA:230,9,0,0
BRDA:230,9,1,0
BRDA:240,10,0,0
BRDA:240,10,1,0
BRDA:248,11,0,0
BRDA:248,11,1,0
BRDA:256,12,0,0
BRDA:256,12,1,0
BRDA:267,13,0,0
BRDA:267,13,1,0
BRDA:267,14,0,0
BRDA:267,14,1,0
BRDA:308,15,0,0
BRDA:308,15,1,0
BRDA:365,16,0,0
BRDA:365,16,1,0
BRDA:378,17,0,0
BRDA:378,17,1,0
BRDA:381,18,0,0
BRDA:381,18,1,0
BRDA:397,19,0,0
BRDA:397,19,1,0
BRDA:400,20,0,0
BRDA:400,20,1,0
BRDA:401,21,0,0
BRDA:401,21,1,0
BRDA:406,22,0,0
BRDA:406,22,1,0
BRDA:409,23,0,0
BRDA:409,23,1,0
BRDA:417,24,0,0
BRDA:417,24,1,0
BRDA:417,25,0,0
BRDA:417,25,1,0
BRDA:419,26,0,0
BRDA:419,26,1,0
BRDA:419,26,2,0
BRDA:419,26,3,0
BRDA:425,27,0,0
BRDA:425,27,1,0
BRDA:430,28,0,0
BRDA:430,28,1,0
BRDA:435,29,0,0
BRDA:435,29,1,0
BRDA:440,30,0,0
BRDA:440,30,1,0
BRDA:445,31,0,0
BRDA:445,31,1,0
BRDA:450,32,0,0
BRDA:450,32,1,0
BRDA:465,33,0,0
BRDA:465,33,1,0
BRDA:474,34,0,0
BRDA:474,34,1,0
BRDA:28,35,0,0
BRDA:28,35,1,0
BRDA:28,36,0,0
BRDA:28,36,1,0
BRDA:28,37,0,0
BRDA:28,37,1,0
BRDA:28,38,0,0
BRDA:28,38,1,0
BRF:92
BRH:0
end_of_record
TN:
SF:backend\src\data-sources\data-sources.controller.ts
FN:15,(anonymous_4)
FN:18,(anonymous_5)
FN:24,(anonymous_6)
FN:50,(anonymous_7)
FN:55,(anonymous_8)
FN:60,(anonymous_9)
FN:65,(anonymous_10)
FNF:7
FNH:0
FNDA:0,(anonymous_4)
FNDA:0,(anonymous_5)
FNDA:0,(anonymous_6)
FNDA:0,(anonymous_7)
FNDA:0,(anonymous_8)
FNDA:0,(anonymous_9)
FNDA:0,(anonymous_10)
DA:1,0
DA:10,0
DA:11,0
DA:14,0
DA:15,0
DA:18,0
DA:19,0
DA:24,0
DA:42,0
DA:43,0
DA:46,0
DA:50,0
DA:51,0
DA:55,0
DA:56,0
DA:60,0
DA:61,0
DA:65,0
DA:66,0
LF:19
LH:0
BRDA:42,0,0,0
BRDA:42,0,1,0
BRDA:46,1,0,0
BRDA:46,1,1,0
BRDA:50,2,0,0
BRDA:50,2,1,0
BRDA:50,3,0,0
BRDA:50,3,1,0
BRDA:55,4,0,0
BRDA:55,4,1,0
BRDA:55,5,0,0
BRDA:55,5,1,0
BRDA:60,6,0,0
BRDA:60,6,1,0
BRDA:60,7,0,0
BRDA:60,7,1,0
BRDA:65,8,0,0
BRDA:65,8,1,0
BRDA:65,9,0,0
BRDA:65,9,1,0
BRDA:15,10,0,0
BRDA:15,10,1,0
BRDA:15,11,0,0
BRDA:15,11,1,0
BRF:24
BRH:0
end_of_record
TN:
SF:backend\src\data-sources\data-sources.module.ts
FNF:0
FNH:0
DA:1,0
DA:2,0
DA:3,0
DA:4,0
DA:12,0
LF:5
LH:0
BRF:0
BRH:0
end_of_record
TN:
SF:backend\src\data-sources\data-sources.service.ts
FN:15,(anonymous_2)
FN:20,(anonymous_3)
FN:122,(anonymous_4)
FN:195,(anonymous_5)
FN:204,(anonymous_6)
FN:333,(anonymous_7)
FN:391,(anonymous_8)
FN:400,(anonymous_9)
FN:466,(anonymous_10)
FN:475,(anonymous_11)
FN:515,(anonymous_12)
FN:524,(anonymous_13)
FN:624,(anonymous_14)
FN:638,(anonymous_15)
FN:660,(anonymous_16)
FN:670,(anonymous_17)
FN:699,(anonymous_18)
FN:709,(anonymous_19)
FN:722,(anonymous_20)
FN:741,(anonymous_21)
FN:765,(anonymous_22)
FN:769,(anonymous_23)
FN:780,(anonymous_24)
FN:797,(anonymous_25)
FN:800,(anonymous_26)
FN:805,(anonymous_27)
FN:808,(anonymous_28)
FN:809,(anonymous_29)
FN:813,(anonymous_30)
FN:816,(anonymous_31)
FN:817,(anonymous_32)
FN:824,(anonymous_33)
FN:828,(anonymous_34)
FN:836,(anonymous_35)
FNF:34
FNH:0
FNDA:0,(anonymous_2)
FNDA:0,(anonymous_3)
FNDA:0,(anonymous_4)
FNDA:0,(anonymous_5)
FNDA:0,(anonymous_6)
FNDA:0,(anonymous_7)
FNDA:0,(anonymous_8)
FNDA:0,(anonymous_9)
FNDA:0,(anonymous_10)
FNDA:0,(anonymous_11)
FNDA:0,(anonymous_12)
FNDA:0,(anonymous_13)
FNDA:0,(anonymous_14)
FNDA:0,(anonymous_15)
FNDA:0,(anonymous_16)
FNDA:0,(anonymous_17)
FNDA:0,(anonymous_18)
FNDA:0,(anonymous_19)
FNDA:0,(anonymous_20)
FNDA:0,(anonymous_21)
FNDA:0,(anonymous_22)
FNDA:0,(anonymous_23)
FNDA:0,(anonymous_24)
FNDA:0,(anonymous_25)
FNDA:0,(anonymous_26)
FNDA:0,(anonymous_27)
FNDA:0,(anonymous_28)
FNDA:0,(anonymous_29)
FNDA:0,(anonymous_30)
FNDA:0,(anonymous_31)
FNDA:0,(anonymous_32)
FNDA:0,(anonymous_33)
FNDA:0,(anonymous_34)
FNDA:0,(anonymous_35)
DA:1,0
DA:2,0
DA:3,0
DA:14,0
DA:16,0
DA:17,0
DA:21,0
DA:133,0
DA:134,0
DA:135,0
DA:144,0
DA:145,0
DA:147,0
DA:148,0
DA:158,0
DA:159,0
DA:160,0
DA:161,0
DA:162,0
DA:163,0
DA:164,0
DA:165,0
DA:167,0
DA:181,0
DA:186,0
DA:196,0
DA:197,0
DA:201,0
DA:206,0
DA:207,0
DA:208,0
DA:209,0
DA:214,0
DA:215,0
DA:217,0
DA:218,0
DA:220,0
DA:221,0
DA:222,0
DA:223,0
DA:224,0
DA:227,0
DA:232,0
DA:233,0
DA:236,0
DA:256,0
DA:257,0
DA:258,0
DA:259,0
DA:260,0
DA:263,0
DA:268,0
DA:269,0
DA:272,0
DA:291,0
DA:292,0
DA:293,0
DA:298,0
DA:299,0
DA:302,0
DA:312,0
DA:313,0
DA:323,0
DA:335,0
DA:336,0
DA:338,0
DA:339,0
DA:341,0
DA:351,0
DA:353,0
DA:354,0
DA:355,0
DA:356,0
DA:359,0
DA:364,0
DA:365,0
DA:368,0
DA:380,0
DA:383,0
DA:392,0
DA:393,0
DA:397,0
DA:402,0
DA:403,0
DA:404,0
DA:405,0
DA:406,0
DA:408,0
DA:409,0
DA:410,0
DA:411,0
DA:413,0
DA:414,0
DA:417,0
DA:418,0
DA:419,0
DA:426,0
DA:455,0
DA:458,0
DA:467,0
DA:468,0
DA:472,0
DA:477,0
DA:478,0
DA:479,0
DA:480,0
DA:481,0
DA:483,0
DA:484,0
DA:485,0
DA:486,0
DA:489,0
DA:490,0
DA:492,0
DA:493,0
DA:496,0
DA:504,0
DA:507,0
DA:516,0
DA:517,0
DA:521,0
DA:531,0
DA:532,0
DA:542,0
DA:544,0
DA:548,0
DA:556,0
DA:557,0
DA:558,0
DA:559,0
DA:568,0
DA:569,0
DA:570,0
DA:571,0
DA:578,0
DA:581,0
DA:582,0
DA:584,0
DA:585,0
DA:588,0
DA:591,0
DA:592,0
DA:593,0
DA:604,0
DA:631,0
DA:638,0
DA:646,0
DA:667,0
DA:670,0
DA:683,0
DA:706,0
DA:709,0
DA:716,0
DA:723,0
DA:728,0
DA:729,0
DA:732,0
DA:746,0
DA:751,0
DA:752,0
DA:755,0
DA:766,0
DA:770,0
DA:771,0
DA:773,0
DA:774,0
DA:775,0
DA:777,0
DA:781,0
DA:782,0
DA:785,0
DA:786,0
DA:789,0
DA:790,0
DA:793,0
DA:794,0
DA:798,0
DA:800,0
DA:806,0
DA:808,0
DA:809,0
DA:814,0
DA:816,0
DA:817,0
DA:819,0
DA:820,0
DA:823,0
DA:824,0
DA:825,0
DA:826,0
DA:828,0
DA:829,0
DA:832,0
DA:837,0
DA:838,0
DA:839,0
DA:841,0
DA:842,0
DA:843,0
DA:845,0
DA:846,0
DA:847,0
DA:848,0
DA:851,0
DA:852,0
DA:853,0
DA:856,0
DA:857,0
DA:858,0
DA:859,0
DA:862,0
DA:865,0
DA:866,0
LF:213
LH:0
BRDA:133,0,0,0
BRDA:133,0,1,0
BRDA:134,1,0,0
BRDA:134,1,1,0
BRDA:138,2,0,0
BRDA:138,2,1,0
BRDA:145,3,0,0
BRDA:145,3,1,0
BRDA:147,4,0,0
BRDA:147,4,1,0
BRDA:151,5,0,0
BRDA:151,5,1,0
BRDA:158,6,0,0
BRDA:158,6,1,0
BRDA:160,7,0,0
BRDA:160,7,1,0
BRDA:162,8,0,0
BRDA:162,8,1,0
BRDA:164,9,0,0
BRDA:164,9,1,0
BRDA:170,10,0,0
BRDA:170,10,1,0
BRDA:206,11,0,0
BRDA:206,11,1,0
BRDA:207,12,0,0
BRDA:207,12,1,0
BRDA:223,13,0,0
BRDA:223,13,1,0
BRDA:223,14,0,0
BRDA:223,14,1,0
BRDA:232,15,0,0
BRDA:232,15,1,0
BRDA:241,16,0,0
BRDA:241,16,1,0
BRDA:242,17,0,0
BRDA:242,17,1,0
BRDA:249,18,0,0
BRDA:249,18,1,0
BRDA:250,19,0,0
BRDA:250,19,1,0
BRDA:259,20,0,0
BRDA:259,20,1,0
BRDA:259,21,0,0
BRDA:259,21,1,0
BRDA:268,22,0,0
BRDA:268,22,1,0
BRDA:277,23,0,0
BRDA:277,23,1,0
BRDA:285,24,0,0
BRDA:285,24,1,0
BRDA:298,25,0,0
BRDA:298,25,1,0
BRDA:312,26,0,0
BRDA:312,26,1,0
BRDA:335,27,0,0
BRDA:335,27,1,0
BRDA:338,28,0,0
BRDA:338,28,1,0
BRDA:345,29,0,0
BRDA:345,29,1,0
BRDA:346,30,0,0
BRDA:346,30,1,0
BRDA:347,31,0,0
BRDA:347,31,1,0
BRDA:355,32,0,0
BRDA:355,32,1,0
BRDA:364,33,0,0
BRDA:364,33,1,0
BRDA:372,34,0,0
BRDA:372,34,1,0
BRDA:402,35,0,0
BRDA:402,35,1,0
BRDA:404,36,0,0
BRDA:404,36,1,0
BRDA:413,37,0,0
BRDA:413,37,1,0
BRDA:413,38,0,0
BRDA:413,38,1,0
BRDA:413,38,2,0
BRDA:419,39,0,0
BRDA:419,39,1,0
BRDA:430,40,0,0
BRDA:430,40,1,0
BRDA:433,41,0,0
BRDA:433,41,1,0
BRDA:435,42,0,0
BRDA:435,42,1,0
BRDA:436,43,0,0
BRDA:436,43,1,0
BRDA:437,44,0,0
BRDA:437,44,1,0
BRDA:438,45,0,0
BRDA:438,45,1,0
BRDA:442,46,0,0
BRDA:442,46,1,0
BRDA:446,47,0,0
BRDA:446,47,1,0
BRDA:448,48,0,0
BRDA:448,48,1,0
BRDA:449,49,0,0
BRDA:449,49,1,0
BRDA:450,50,0,0
BRDA:450,50,1,0
BRDA:451,51,0,0
BRDA:451,51,1,0
BRDA:477,52,0,0
BRDA:477,52,1,0
BRDA:479,53,0,0
BRDA:479,53,1,0
BRDA:485,54,0,0
BRDA:485,54,1,0
BRDA:492,55,0,0
BRDA:492,55,1,0
BRDA:500,56,0,0
BRDA:500,56,1,0
BRDA:531,57,0,0
BRDA:531,57,1,0
BRDA:544,58,0,0
BRDA:544,58,1,0
BRDA:544,58,2,0
BRDA:548,59,0,0
BRDA:548,59,1,0
BRDA:551,60,0,0
BRDA:551,60,1,0
BRDA:558,61,0,0
BRDA:558,61,1,0
BRDA:558,62,0,0
BRDA:558,62,1,0
BRDA:563,63,0,0
BRDA:563,63,1,0
BRDA:564,64,0,0
BRDA:564,64,1,0
BRDA:570,65,0,0
BRDA:570,65,1,0
BRDA:570,66,0,0
BRDA:570,66,1,0
BRDA:571,67,0,0
BRDA:571,67,1,0
BRDA:575,68,0,0
BRDA:575,68,1,0
BRDA:581,69,0,0
BRDA:581,69,1,0
BRDA:632,70,0,0
BRDA:632,70,1,0
BRDA:633,71,0,0
BRDA:633,71,1,0
BRDA:635,72,0,0
BRDA:635,72,1,0
BRDA:636,73,0,0
BRDA:636,73,1,0
BRDA:637,74,0,0
BRDA:637,74,1,0
BRDA:640,75,0,0
BRDA:640,75,1,0
BRDA:668,76,0,0
BRDA:668,76,1,0
BRDA:669,77,0,0
BRDA:669,77,1,0
BRDA:707,78,0,0
BRDA:707,78,1,0
BRDA:708,79,0,0
BRDA:708,79,1,0
BRDA:728,80,0,0
BRDA:728,80,1,0
BRDA:751,81,0,0
BRDA:751,81,1,0
BRDA:759,82,0,0
BRDA:759,82,1,0
BRDA:766,83,0,0
BRDA:766,83,1,0
BRDA:766,84,0,0
BRDA:766,84,1,0
BRDA:770,85,0,0
BRDA:770,85,1,0
BRDA:770,86,0,0
BRDA:770,86,1,0
BRDA:773,87,0,0
BRDA:773,87,1,0
BRDA:773,88,0,0
BRDA:773,88,1,0
BRDA:775,89,0,0
BRDA:775,89,1,0
BRDA:781,90,0,0
BRDA:781,90,1,0
BRDA:785,91,0,0
BRDA:785,91,1,0
BRDA:786,92,0,0
BRDA:786,92,1,0
BRDA:789,93,0,0
BRDA:789,93,1,0
BRDA:789,94,0,0
BRDA:789,94,1,0
BRDA:794,95,0,0
BRDA:794,95,1,0
BRDA:798,96,0,0
BRDA:798,96,1,0
BRDA:800,97,0,0
BRDA:800,97,1,0
BRDA:806,98,0,0
BRDA:806,98,1,0
BRDA:819,99,0,0
BRDA:819,99,1,0
BRDA:829,100,0,0
BRDA:829,100,1,0
BRDA:845,101,0,0
BRDA:845,101,1,0
BRDA:845,102,0,0
BRDA:845,102,1,0
BRDA:845,102,2,0
BRDA:851,103,0,0
BRDA:851,103,1,0
BRDA:856,104,0,0
BRDA:856,104,1,0
BRDA:856,105,0,0
BRDA:856,105,1,0
BRDA:16,106,0,0
BRDA:16,106,1,0
BRDA:16,107,0,0
BRDA:16,107,1,0
BRDA:16,108,0,0
BRDA:16,108,1,0
BRDA:16,109,0,0
BRDA:16,109,1,0
BRF:223
BRH:0
end_of_record
TN:
SF:backend\src\generated\prisma\browser.ts
FNF:0
FNH:0
DA:15,0
DA:16,0
DA:17,0
DA:18,0
LF:4
LH:0
BRF:0
BRH:0
end_of_record
TN:
SF:backend\src\generated\prisma\client.ts
FNF:0
FNH:0
DA:17,0
DA:18,0
DA:20,0
DA:21,0
DA:37,0
DA:39,0
LF:6
LH:0
BRF:0
BRH:0
end_of_record
TN:
SF:backend\src\generated\prisma\enums.ts
FNF:0
FNH:0
DA:11,0
DA:21,0
DA:31,0
DA:41,0
LF:4
LH:0
BRF:0
BRH:0
end_of_record
TN:
SF:backend\src\generated\prisma\internal\class.ts
FN:40,decodeBase64AsWasm
FN:47,(anonymous_10)
FN:49,(anonymous_11)
FN:241,getPrismaClientClass
FNF:4
FNH:0
FNDA:0,decodeBase64AsWasm
FNDA:0,(anonymous_10)
FNDA:0,(anonymous_11)
FNDA:0,getPrismaClientClass
DA:13,0
DA:17,0
DA:34,0
DA:35,0
DA:41,0
DA:42,0
DA:43,0
DA:46,0
DA:47,0
DA:50,0
DA:51,0
DA:241,0
DA:242,0
LF:13
LH:0
BRF:0
BRH:0
end_of_record
TN:
SF:backend\src\generated\prisma\internal\prismaNamespace.ts
FNF:0
FNH:0
DA:17,0
DA:31,0
DA:34,0
DA:37,0
DA:40,0
DA:43,0
DA:49,0
DA:50,0
DA:51,0
DA:52,0
DA:53,0
DA:61,0
DA:70,0
DA:85,0
DA:103,0
DA:113,0
DA:120,0
DA:127,0
DA:385,0
DA:809,0
DA:819,0
DA:830,0
DA:841,0
DA:853,0
DA:866,0
DA:880,0
DA:888,0
DA:896,0
DA:1028,0
LF:29
LH:0
BRF:0
BRH:0
end_of_record
TN:
SF:backend\src\generated\prisma\internal\prismaNamespaceBrowser.ts
FNF:0
FNH:0
DA:17,0
DA:22,0
DA:25,0
DA:35,0
DA:42,0
DA:49,0
DA:52,0
DA:66,0
DA:76,0
DA:87,0
DA:98,0
DA:110,0
DA:123,0
DA:137,0
DA:145,0
DA:153,0
LF:16
LH:0
BRF:0
BRH:0
end_of_record
TN:
SF:backend\src\metrics\metrics.controller.ts
FN:18,(anonymous_4)
FN:21,(anonymous_5)
FN:26,(anonymous_6)
FN:31,(anonymous_7)
FN:36,(anonymous_8)
FN:41,(anonymous_9)
FN:46,(anonymous_10)
FN:51,(anonymous_11)
FN:56,(anonymous_12)
FNF:9
FNH:0
FNDA:0,(anonymous_4)
FNDA:0,(anonymous_5)
FNDA:0,(anonymous_6)
FNDA:0,(anonymous_7)
FNDA:0,(anonymous_8)
FNDA:0,(anonymous_9)
FNDA:0,(anonymous_10)
FNDA:0,(anonymous_11)
FNDA:0,(anonymous_12)
DA:1,0
DA:2,0
DA:17,0
DA:18,0
DA:21,0
DA:22,0
DA:26,0
DA:27,0
DA:31,0
DA:32,0
DA:36,0
DA:37,0
DA:41,0
DA:42,0
DA:46,0
DA:47,0
DA:51,0
DA:52,0
DA:56,0
DA:59,0
LF:20
LH:0
BRDA:51,0,0,0
BRDA:21,1,0,0
BRDA:21,1,1,0
BRDA:21,2,0,0
BRDA:21,2,1,0
BRDA:26,3,0,0
BRDA:26,3,1,0
BRDA:26,4,0,0
BRDA:26,4,1,0
BRDA:31,5,0,0
BRDA:31,5,1,0
BRDA:31,6,0,0
BRDA:31,6,1,0
BRDA:36,7,0,0
BRDA:36,7,1,0
BRDA:36,8,0,0
BRDA:36,8,1,0
BRDA:41,9,0,0
BRDA:41,9,1,0
BRDA:41,10,0,0
BRDA:41,10,1,0
BRDA:46,11,0,0
BRDA:46,11,1,0
BRDA:46,12,0,0
BRDA:46,12,1,0
BRDA:51,13,0,0
BRDA:51,13,1,0
BRDA:51,14,0,0
BRDA:51,14,1,0
BRDA:58,15,0,0
BRDA:58,15,1,0
BRDA:58,16,0,0
BRDA:58,16,1,0
BRDA:18,17,0,0
BRDA:18,17,1,0
BRDA:18,18,0,0
BRDA:18,18,1,0
BRF:37
BRH:0
end_of_record
TN:
SF:backend\src\metrics\metrics.module.ts
FNF:0
FNH:0
DA:1,0
DA:2,0
DA:3,0
DA:4,0
DA:12,0
LF:5
LH:0
BRF:0
BRH:0
end_of_record
TN:
SF:backend\src\metrics\metrics.service.ts
FN:20,(anonymous_2)
FN:25,(anonymous_3)
FN:35,(anonymous_4)
FN:156,(anonymous_5)
FN:160,(anonymous_6)
FN:164,(anonymous_7)
FN:169,(anonymous_8)
FN:172,(anonymous_9)
FN:177,(anonymous_10)
FN:181,(anonymous_11)
FN:184,(anonymous_12)
FN:187,(anonymous_13)
FN:189,(anonymous_14)
FN:195,(anonymous_15)
FN:227,(anonymous_16)
FN:236,(anonymous_17)
FN:240,(anonymous_18)
FN:242,(anonymous_19)
FN:246,(anonymous_20)
FN:250,(anonymous_21)
FN:253,(anonymous_22)
FN:254,(anonymous_23)
FN:257,(anonymous_24)
FN:258,(anonymous_25)
FN:262,(anonymous_26)
FN:265,(anonymous_27)
FN:280,(anonymous_28)
FN:283,(anonymous_29)
FN:326,(anonymous_30)
FN:328,(anonymous_31)
FN:330,(anonymous_32)
FN:333,(anonymous_33)
FN:357,(anonymous_34)
FN:364,(anonymous_35)
FN:366,(anonymous_36)
FN:433,(anonymous_37)
FN:445,(anonymous_38)
FN:454,(anonymous_39)
FN:459,(anonymous_40)
FN:463,(anonymous_41)
FN:467,(anonymous_42)
FN:471,(anonymous_43)
FN:475,(anonymous_44)
FN:479,(anonymous_45)
FN:483,(anonymous_46)
FN:487,(anonymous_47)
FN:500,(anonymous_48)
FN:504,(anonymous_49)
FN:517,(anonymous_50)
FN:558,(anonymous_51)
FN:635,(anonymous_52)
FN:642,(anonymous_53)
FN:646,(anonymous_54)
FN:662,(anonymous_55)
FN:678,(anonymous_56)
FN:692,(anonymous_57)
FN:696,(anonymous_58)
FN:700,(anonymous_59)
FN:708,(anonymous_60)
FN:712,(anonymous_61)
FN:720,(anonymous_62)
FNF:61
FNH:0
FNDA:0,(anonymous_2)
FNDA:0,(anonymous_3)
FNDA:0,(anonymous_4)
FNDA:0,(anonymous_5)
FNDA:0,(anonymous_6)
FNDA:0,(anonymous_7)
FNDA:0,(anonymous_8)
FNDA:0,(anonymous_9)
FNDA:0,(anonymous_10)
FNDA:0,(anonymous_11)
FNDA:0,(anonymous_12)
FNDA:0,(anonymous_13)
FNDA:0,(anonymous_14)
FNDA:0,(anonymous_15)
FNDA:0,(anonymous_16)
FNDA:0,(anonymous_17)
FNDA:0,(anonymous_18)
FNDA:0,(anonymous_19)
FNDA:0,(anonymous_20)
FNDA:0,(anonymous_21)
FNDA:0,(anonymous_22)
FNDA:0,(anonymous_23)
FNDA:0,(anonymous_24)
FNDA:0,(anonymous_25)
FNDA:0,(anonymous_26)
FNDA:0,(anonymous_27)
FNDA:0,(anonymous_28)
FNDA:0,(anonymous_29)
FNDA:0,(anonymous_30)
FNDA:0,(anonymous_31)
FNDA:0,(anonymous_32)
FNDA:0,(anonymous_33)
FNDA:0,(anonymous_34)
FNDA:0,(anonymous_35)
FNDA:0,(anonymous_36)
FNDA:0,(anonymous_37)
FNDA:0,(anonymous_38)
FNDA:0,(anonymous_39)
FNDA:0,(anonymous_40)
FNDA:0,(anonymous_41)
FNDA:0,(anonymous_42)
FNDA:0,(anonymous_43)
FNDA:0,(anonymous_44)
FNDA:0,(anonymous_45)
FNDA:0,(anonymous_46)
FNDA:0,(anonymous_47)
FNDA:0,(anonymous_48)
FNDA:0,(anonymous_49)
FNDA:0,(anonymous_50)
FNDA:0,(anonymous_51)
FNDA:0,(anonymous_52)
FNDA:0,(anonymous_53)
FNDA:0,(anonymous_54)
FNDA:0,(anonymous_55)
FNDA:0,(anonymous_56)
FNDA:0,(anonymous_57)
FNDA:0,(anonymous_58)
FNDA:0,(anonymous_59)
FNDA:0,(anonymous_60)
FNDA:0,(anonymous_61)
FNDA:0,(anonymous_62)
DA:1,0
DA:2,0
DA:16,0
DA:19,0
DA:21,0
DA:22,0
DA:26,0
DA:27,0
DA:46,0
DA:154,0
DA:156,0
DA:158,0
DA:160,0
DA:162,0
DA:164,0
DA:167,0
DA:168,0
DA:169,0
DA:171,0
DA:172,0
DA:174,0
DA:175,0
DA:176,0
DA:177,0
DA:179,0
DA:180,0
DA:181,0
DA:183,0
DA:184,0
DA:186,0
DA:187,0
DA:189,0
DA:190,0
DA:192,0
DA:195,0
DA:201,0
DA:220,0
DA:227,0
DA:234,0
DA:236,0
DA:238,0
DA:240,0
DA:242,0
DA:244,0
DA:246,0
DA:248,0
DA:250,0
DA:252,0
DA:253,0
DA:254,0
DA:256,0
DA:257,0
DA:258,0
DA:261,0
DA:263,0
DA:264,0
DA:265,0
DA:267,0
DA:271,0
DA:275,0
DA:279,0
DA:280,0
DA:282,0
DA:283,0
DA:285,0
DA:298,0
DA:302,0
DA:326,0
DA:328,0
DA:329,0
DA:330,0
DA:332,0
DA:333,0
DA:336,0
DA:346,0
DA:351,0
DA:352,0
DA:353,0
DA:354,0
DA:357,0
DA:362,0
DA:363,0
DA:365,0
DA:366,0
DA:370,0
DA:374,0
DA:434,0
DA:435,0
DA:446,0
DA:447,0
DA:455,0
DA:456,0
DA:460,0
DA:464,0
DA:468,0
DA:472,0
DA:476,0
DA:480,0
DA:484,0
DA:488,0
DA:489,0
DA:493,0
DA:501,0
DA:502,0
DA:504,0
DA:507,0
DA:511,0
DA:518,0
DA:519,0
DA:568,0
DA:570,0
DA:571,0
DA:573,0
DA:574,0
DA:576,0
DA:577,0
DA:579,0
DA:580,0
DA:582,0
DA:583,0
DA:585,0
DA:586,0
DA:587,0
DA:590,0
DA:595,0
DA:596,0
DA:597,0
DA:601,0
DA:602,0
DA:606,0
DA:607,0
DA:611,0
DA:612,0
DA:616,0
DA:617,0
DA:621,0
DA:622,0
DA:627,0
DA:636,0
DA:637,0
DA:640,0
DA:642,0
DA:647,0
DA:648,0
DA:650,0
DA:651,0
DA:652,0
DA:653,0
DA:655,0
DA:656,0
DA:659,0
DA:666,0
DA:668,0
DA:669,0
DA:670,0
DA:671,0
DA:672,0
DA:675,0
DA:682,0
DA:684,0
DA:685,0
DA:686,0
DA:689,0
DA:693,0
DA:697,0
DA:701,0
DA:702,0
DA:705,0
DA:709,0
DA:713,0
DA:714,0
DA:717,0
DA:721,0
LF:173
LH:0
BRDA:192,0,0,0
BRDA:192,0,1,0
BRDA:195,1,0,0
BRDA:195,1,1,0
BRDA:225,2,0,0
BRDA:225,2,1,0
BRDA:236,3,0,0
BRDA:236,3,1,0
BRDA:242,4,0,0
BRDA:242,4,1,0
BRDA:263,5,0,0
BRDA:263,5,1,0
BRDA:269,6,0,0
BRDA:269,6,1,0
BRDA:276,7,0,0
BRDA:276,7,1,0
BRDA:277,8,0,0
BRDA:277,8,1,0
BRDA:287,9,0,0
BRDA:287,9,1,0
BRDA:291,10,0,0
BRDA:291,10,1,0
BRDA:294,11,0,0
BRDA:294,11,1,0
BRDA:295,12,0,0
BRDA:295,12,1,0
BRDA:306,13,0,0
BRDA:306,13,1,0
BRDA:308,14,0,0
BRDA:308,14,1,0
BRDA:312,15,0,0
BRDA:312,15,1,0
BRDA:313,16,0,0
BRDA:313,16,1,0
BRDA:314,17,0,0
BRDA:314,17,1,0
BRDA:315,18,0,0
BRDA:315,18,1,0
BRDA:319,19,0,0
BRDA:319,19,1,0
BRDA:321,20,0,0
BRDA:321,20,1,0
BRDA:354,21,0,0
BRDA:354,21,1,0
BRDA:370,22,0,0
BRDA:370,22,1,0
BRDA:419,23,0,0
BRDA:419,23,1,0
BRDA:424,24,0,0
BRDA:424,24,1,0
BRDA:502,25,0,0
BRDA:502,25,1,0
BRDA:509,26,0,0
BRDA:509,26,1,0
BRDA:512,27,0,0
BRDA:512,27,1,0
BRDA:570,28,0,0
BRDA:570,28,1,0
BRDA:573,29,0,0
BRDA:573,29,1,0
BRDA:576,30,0,0
BRDA:576,30,1,0
BRDA:579,31,0,0
BRDA:579,31,1,0
BRDA:582,32,0,0
BRDA:582,32,1,0
BRDA:590,33,0,0
BRDA:590,33,1,0
BRDA:590,33,2,0
BRDA:590,33,3,0
BRDA:596,34,0,0
BRDA:596,34,1,0
BRDA:601,35,0,0
BRDA:601,35,1,0
BRDA:606,36,0,0
BRDA:606,36,1,0
BRDA:611,37,0,0
BRDA:611,37,1,0
BRDA:616,38,0,0
BRDA:616,38,1,0
BRDA:621,39,0,0
BRDA:621,39,1,0
BRDA:629,40,0,0
BRDA:629,40,1,0
BRDA:629,41,0,0
BRDA:629,41,1,0
BRDA:636,42,0,0
BRDA:636,42,1,0
BRDA:652,43,0,0
BRDA:652,43,1,0
BRDA:670,44,0,0
BRDA:670,44,1,0
BRDA:686,45,0,0
BRDA:686,45,1,0
BRDA:693,46,0,0
BRDA:693,46,1,0
BRDA:697,47,0,0
BRDA:697,47,1,0
BRDA:701,48,0,0
BRDA:701,48,1,0
BRDA:713,49,0,0
BRDA:713,49,1,0
BRDA:21,50,0,0
BRDA:21,50,1,0
BRDA:21,51,0,0
BRDA:21,51,1,0
BRDA:21,52,0,0
BRDA:21,52,1,0
BRDA:21,53,0,0
BRDA:21,53,1,0
BRF:110
BRH:0
end_of_record
TN:
SF:backend\src\metrics\dto\metrics-summary.dto.ts
FNF:0
FNH:0
DA:6,0
LF:1
LH:0
BRF:0
BRH:0
end_of_record
TN:
SF:backend\src\prisma\prisma.module.ts
FNF:0
FNH:0
DA:1,0
DA:2,0
DA:9,0
LF:3
LH:0
BRF:0
BRH:0
end_of_record
TN:
SF:backend\src\prisma\prisma.service.ts
FN:8,(anonymous_2)
FN:20,(anonymous_3)
FNF:2
FNH:0
FNDA:0,(anonymous_2)
FNDA:0,(anonymous_3)
DA:1,0
DA:2,0
DA:3,0
DA:4,0
DA:7,0
DA:9,0
DA:11,0
DA:12,0
DA:15,0
DA:21,0
LF:10
LH:0
BRDA:11,0,0,0
BRDA:11,0,1,0
BRF:2
BRH:0
end_of_record
TN:
SF:backend\src\reporting\reporting.controller.ts
FN:6,(anonymous_2)
FN:9,(anonymous_3)
FN:14,(anonymous_4)
FN:19,(anonymous_5)
FNF:4
FNH:0
FNDA:0,(anonymous_2)
FNDA:0,(anonymous_3)
FNDA:0,(anonymous_4)
FNDA:0,(anonymous_5)
DA:1,0
DA:2,0
DA:5,0
DA:6,0
DA:9,0
DA:10,0
DA:14,0
DA:15,0
DA:19,0
DA:20,0
LF:10
LH:0
BRDA:6,0,0,0
BRDA:6,0,1,0
BRDA:6,1,0,0
BRDA:6,1,1,0
BRF:4
BRH:0
end_of_record
TN:
SF:backend\src\reporting\reporting.module.ts
FNF:0
FNH:0
DA:1,0
DA:2,0
DA:3,0
DA:4,0
DA:5,0
DA:12,0
LF:6
LH:0
BRF:0
BRH:0
end_of_record
TN:
SF:backend\src\reporting\reporting.service.ts
FN:7,(anonymous_2)
FN:12,(anonymous_3)
FN:29,(anonymous_4)
FN:45,(anonymous_5)
FN:58,(anonymous_6)
FN:73,(anonymous_7)
FN:78,(anonymous_8)
FNF:7
FNH:0
FNDA:0,(anonymous_2)
FNDA:0,(anonymous_3)
FNDA:0,(anonymous_4)
FNDA:0,(anonymous_5)
FNDA:0,(anonymous_6)
FNDA:0,(anonymous_7)
FNDA:0,(anonymous_8)
DA:1,0
DA:2,0
DA:3,0
DA:6,0
DA:8,0
DA:9,0
DA:13,0
DA:14,0
DA:22,0
DA:26,0
DA:30,0
DA:31,0
DA:45,0
DA:46,0
DA:51,0
DA:59,0
DA:60,0
DA:74,0
DA:78,0
DA:81,0
DA:85,0
LF:21
LH:0
BRDA:8,0,0,0
BRDA:8,0,1,0
BRDA:8,1,0,0
BRDA:8,1,1,0
BRDA:8,2,0,0
BRDA:8,2,1,0
BRDA:8,3,0,0
BRDA:8,3,1,0
BRF:8
BRH:0
end_of_record
TN:
SF:backend\src\system\system.controller.ts
FN:6,(anonymous_4)
FN:9,(anonymous_5)
FN:14,(anonymous_6)
FN:21,(anonymous_7)
FN:26,(anonymous_8)
FNF:5
FNH:0
FNDA:0,(anonymous_4)
FNDA:0,(anonymous_5)
FNDA:0,(anonymous_6)
FNDA:0,(anonymous_7)
FNDA:0,(anonymous_8)
DA:1,0
DA:2,0
DA:5,0
DA:6,0
DA:9,0
DA:10,0
DA:14,0
DA:17,0
DA:21,0
DA:22,0
DA:26,0
DA:27,0
LF:12
LH:0
BRDA:6,0,0,0
BRDA:6,0,1,0
BRDA:6,1,0,0
BRDA:6,1,1,0
BRF:4
BRH:0
end_of_record
TN:
SF:backend\src\system\system.module.ts
FNF:0
FNH:0
DA:1,0
DA:2,0
DA:3,0
DA:10,0
LF:4
LH:0
BRF:0
BRH:0
end_of_record
TN:
SF:backend\src\system\system.service.ts
FN:7,(anonymous_2)
FN:9,(anonymous_3)
FN:52,(anonymous_4)
FN:108,(anonymous_5)
FN:121,(anonymous_6)
FN:134,(anonymous_7)
FN:143,(anonymous_8)
FN:147,(anonymous_9)
FNF:8
FNH:0
FNDA:0,(anonymous_2)
FNDA:0,(anonymous_3)
FNDA:0,(anonymous_4)
FNDA:0,(anonymous_5)
FNDA:0,(anonymous_6)
FNDA:0,(anonymous_7)
FNDA:0,(anonymous_8)
FNDA:0,(anonymous_9)
DA:1,0
DA:2,0
DA:3,0
DA:6,0
DA:7,0
DA:10,0
DA:12,0
DA:13,0
DA:14,0
DA:15,0
DA:21,0
DA:32,0
DA:33,0
DA:34,0
DA:40,0
DA:41,0
DA:57,0
DA:59,0
DA:60,0
DA:62,0
DA:63,0
DA:69,0
DA:74,0
DA:75,0
DA:81,0
DA:95,0
DA:97,0
DA:109,0
DA:110,0
DA:122,0
DA:135,0
DA:144,0
DA:148,0
DA:149,0
DA:150,0
DA:153,0
DA:161,0
LF:37
LH:0
BRDA:14,0,0,0
BRDA:14,0,1,0
BRDA:14,1,0,0
BRDA:14,1,1,0
BRDA:32,2,0,0
BRDA:32,2,1,0
BRDA:32,3,0,0
BRDA:32,3,1,0
BRDA:62,4,0,0
BRDA:62,4,1,0
BRDA:62,5,0,0
BRDA:62,5,1,0
BRDA:74,6,0,0
BRDA:74,6,1,0
BRDA:85,7,0,0
BRDA:85,7,1,0
BRDA:149,8,0,0
BRDA:149,8,1,0
BRDA:7,9,0,0
BRDA:7,9,1,0
BRDA:7,10,0,0
BRDA:7,10,1,0
BRF:22
BRH:0
end_of_record
